Log file open, 07/31/23 20:06:42
LogWindows: Failed to load 'aqProf.dll' (GetLastError=126)
LogWindows: File 'aqProf.dll' does not exist
LogWindows: Failed to load 'VtuneApi.dll' (GetLastError=126)
LogWindows: File 'VtuneApi.dll' does not exist
LogWindows: Failed to load 'VtuneApi32e.dll' (GetLastError=126)
LogWindows: File 'VtuneApi32e.dll' does not exist
LogConsoleResponse: Display: Failed to find resolution value strings in scalability ini. Falling back to default.
LogConsoleResponse: Display: Failed to find resolution value strings in scalability ini. Falling back to default.
LogInit: Display: Running engine for game: ShooterGame
LogPlatformFile: Not using cached read wrapper
LogTaskGraph: Started task graph with 5 named threads and 47 total threads with 3 sets of task threads.
LogStats: Stats thread started at 0.316266
LogICUInternationalization: ICU TimeZone Detection - Raw Offset: -3:00, Platform Override: ''
LogInit: Display: Loading text-based GConfig....
LogPluginManager: Mounting plugin MeshPainting
LogPluginManager: Mounting plugin XGEController
LogPluginManager: Mounting plugin LiveLink
LogPluginManager: Mounting plugin Paper2D
LogPluginManager: Mounting plugin AISupport
LogPluginManager: Mounting plugin EnvironmentQueryEditor
LogPluginManager: Mounting plugin OodleData
LogPluginManager: Mounting plugin LightPropagationVolume
LogPluginManager: Mounting plugin AssetManagerEditor
LogPluginManager: Mounting plugin OodleNetwork
LogPluginManager: Mounting plugin CryptoKeys
LogPluginManager: Mounting plugin CurveEditorTools
LogPluginManager: Mounting plugin DatasmithContent
LogPluginManager: Mounting plugin GameplayTagsEditor
LogPluginManager: Mounting plugin FacialAnimation
LogPluginManager: Mounting plugin GeometryMode
LogPluginManager: Mounting plugin DataValidation
LogPluginManager: Mounting plugin MacGraphicsSwitching
LogPluginManager: Mounting plugin VariantManagerContent
LogPluginManager: Mounting plugin MaterialAnalyzer
LogPluginManager: Mounting plugin MobileLauncherProfileWizard
LogPluginManager: Mounting plugin PluginBrowser
LogPluginManager: Mounting plugin SpeedTreeImporter
LogPluginManager: Mounting plugin Niagara
LogPluginManager: Mounting plugin CameraShakePreviewer
LogPluginManager: Mounting plugin GameplayCameras
LogPluginManager: Mounting plugin LuminPlatformFeatures
LogPluginManager: Mounting plugin MagicLeap
LogPluginManager: Mounting plugin MagicLeapLightEstimation
LogPluginManager: Mounting plugin AndroidMedia
LogPluginManager: Mounting plugin AvfMedia
LogPluginManager: Mounting plugin MagicLeapPassableWorld
LogPluginManager: Mounting plugin MagicLeapMedia
LogPluginManager: Mounting plugin MLSDK
LogPluginManager: Mounting plugin ImgMedia
LogPluginManager: Mounting plugin MediaCompositing
LogPluginManager: Mounting plugin WebMMedia
LogPluginManager: Mounting plugin WmfMedia
LogPluginManager: Mounting plugin ActorSequence
LogPluginManager: Mounting plugin OnlineSubsystem
LogPluginManager: Mounting plugin LevelSequenceEditor
LogPluginManager: Mounting plugin OnlineSubsystemNull
LogPluginManager: Mounting plugin MatineeToLevelSequence
LogPluginManager: Mounting plugin MediaPlayerEditor
LogPluginManager: Mounting plugin TemplateSequence
LogPluginManager: Mounting plugin OnlineSubsystemUtils
LogPluginManager: Mounting plugin TcpMessaging
LogPluginManager: Mounting plugin LauncherChunkInstaller
LogPluginManager: Mounting plugin UdpMessaging
LogPluginManager: Mounting plugin ActorLayerUtilities
LogPluginManager: Mounting plugin AndroidMoviePlayer
LogPluginManager: Mounting plugin AndroidDeviceProfileSelector
LogPluginManager: Mounting plugin AndroidPermission
LogPluginManager: Mounting plugin AppleImageUtils
LogPluginManager: Mounting plugin AppleMoviePlayer
LogPluginManager: Mounting plugin ArchVisCharacter
LogPluginManager: Mounting plugin AudioCapture
LogPluginManager: Mounting plugin AssetTags
LogPluginManager: Mounting plugin AudioSynesthesia
LogPluginManager: Mounting plugin CableComponent
LogPluginManager: Mounting plugin ChunkDownloader
LogPluginManager: Mounting plugin CustomMeshComponent
LogPluginManager: Mounting plugin EditableMesh
LogPluginManager: Mounting plugin ExampleDeviceProfileSelector
LogPluginManager: Mounting plugin GoogleCloudMessaging
LogPluginManager: Mounting plugin ScreenshotTools
LogPluginManager: Mounting plugin IOSDeviceProfileSelector
LogPluginManager: Mounting plugin LinuxDeviceProfileSelector
LogPluginManager: Mounting plugin LocationServicesBPLibrary
LogPluginManager: Mounting plugin MobilePatchingUtils
LogPluginManager: Mounting plugin GooglePAD
LogPluginManager: Mounting plugin OpenXREyeTracker
LogPluginManager: Mounting plugin OpenXRHandTracking
LogPluginManager: Mounting plugin PhysXVehicles
LogPluginManager: Mounting plugin PostSplashScreen
LogPluginManager: Mounting plugin OpenXR
LogPluginManager: Mounting plugin PropertyAccessEditor
LogPluginManager: Mounting plugin ProceduralMeshComponent
LogPluginManager: Mounting plugin RuntimePhysXCooking
LogPluginManager: Mounting plugin SignificanceManager
LogPluginManager: Mounting plugin SoundFields
LogPluginManager: Mounting plugin Synthesis
LogPluginManager: Mounting plugin WindowsMoviePlayer
LogPluginManager: Mounting plugin AnimationSharing
LogPluginManager: Mounting plugin Takes
LogPluginManager: Mounting plugin CodeLiteSourceCodeAccess
LogPluginManager: Mounting plugin CLionSourceCodeAccess
LogPluginManager: Mounting plugin KDevelopSourceCodeAccess
LogPluginManager: Mounting plugin GitSourceControl
LogPluginManager: Mounting plugin NullSourceCodeAccess
LogPluginManager: Mounting plugin PerforceSourceControl
LogPluginManager: Mounting plugin PixWinPlugin
LogPluginManager: Mounting plugin PlasticSourceControl
LogPluginManager: Mounting plugin PropertyAccessNode
LogPluginManager: Mounting plugin PluginUtils
LogPluginManager: Mounting plugin RiderSourceCodeAccess
LogPluginManager: Mounting plugin WebMMoviePlayer
LogPluginManager: Mounting plugin TextureFormatOodle
LogPluginManager: Mounting plugin SubversionSourceControl
LogPluginManager: Mounting plugin VisualStudioCodeSourceCodeAccess
LogPluginManager: Mounting plugin AlembicImporter
LogPluginManager: Mounting plugin XCodeSourceCodeAccess
LogPluginManager: Mounting plugin VisualStudioSourceCodeAccess
LogPluginManager: Mounting plugin AutomationUtils
LogPluginManager: Mounting plugin BackChannel
LogPluginManager: Mounting plugin ChaosEditor
LogPluginManager: Mounting plugin ChaosCloth
LogPluginManager: Mounting plugin ChaosClothEditor
LogPluginManager: Mounting plugin ChaosNiagara
LogPluginManager: Mounting plugin ChaosSolverPlugin
LogPluginManager: Mounting plugin CharacterAI
LogPluginManager: Mounting plugin UObjectPlugin
LogPluginManager: Mounting plugin GeometryCache
LogPluginManager: Mounting plugin GeometryCollectionPlugin
LogPluginManager: Mounting plugin GeometryProcessing
LogPluginManager: Mounting plugin OpenImageDenoise
LogPluginManager: Mounting plugin MotoSynth
LogPluginManager: Mounting plugin PlanarCut
LogPluginManager: Mounting plugin PlatformCrypto
LogPluginManager: Mounting plugin ProxyLODPlugin
LogPluginManager: Mounting plugin PythonScriptPlugin
LogPluginManager: Mounting plugin SkeletalReduction
LogPluginManager: Mounting plugin ContentBrowserAssetDataSource
LogPluginManager: Mounting plugin ContentBrowserFileDataSource
LogPluginManager: Mounting plugin ContentBrowserClassDataSource
LogPluginManager: Mounting plugin OnlineSubsystemGooglePlay
LogPluginManager: Mounting plugin OnlineSubsystemIOS
LogPluginManager: Mounting plugin OculusVR
LogPluginManager: Mounting plugin SteamVR
LogInit: Using libcurl 7.55.1-DEV
LogInit:  - built for x86_64-pc-win32
LogInit:  - supports SSL with OpenSSL/1.1.1
LogInit:  - supports HTTP deflate (compression) using libz 1.2.8
LogInit:  - other features:
LogInit:      CURL_VERSION_SSL
LogInit:      CURL_VERSION_LIBZ
LogInit:      CURL_VERSION_IPV6
LogInit:      CURL_VERSION_ASYNCHDNS
LogInit:      CURL_VERSION_LARGEFILE
LogInit:      CURL_VERSION_IDN
LogInit:  CurlRequestOptions (configurable via config and command line):
LogInit:  - bVerifyPeer = true  - Libcurl will verify peer certificate
LogInit:  - bUseHttpProxy = false  - Libcurl will NOT use HTTP proxy
LogInit:  - bDontReuseConnections = false  - Libcurl will reuse connections
LogInit:  - MaxHostConnections = 16  - Libcurl will limit the number of connections to a host
LogInit:  - LocalHostAddr = Default
LogInit:  - BufferSize = 65536
LogOnline: OSS: Creating online subsystem instance for: NULL
LogInit: WinSock: version 1.1 (2.2), MaxSocks=32767, MaxUdp=65467
LogOnline: OSS: TryLoadSubsystemAndSetDefault: Loaded subsystem for module [NULL]
PixWinPlugin: PIX capture plugin failed to initialize! Check that the process is launched from PIX.
LogOculusPluginWrapper: OculusPlugin initialized successfully
LogHMD: Failed initializing OVRPlugin 1.59.0
LogInit: Build: ++UE4+Release-4.27-CL-18319896
LogInit: Engine Version: 4.27.2-18319896+++UE4+Release-4.27
LogInit: Compatible Engine Version: 4.27.0-17155196+++UE4+Release-4.27
LogInit: Net CL: 17155196
LogInit: OS: Windows 10 (Release 2009) (), CPU: AMD Ryzen 7 3700X 8-Core Processor             , GPU: NVIDIA GeForce RTX 3060
LogInit: Compiled (64-bit): Nov 30 2021 07:12:08
LogInit: Compiled with Visual C++: 19.24.28315.00
LogInit: Build Configuration: Development
LogInit: Branch Name: ++UE4+Release-4.27
LogInit: Command Line:  -skipcompile
LogInit: Base Directory: S:/UE_4.27/Engine/Binaries/Win64/
LogInit: Allocator: TBB
LogInit: Installed Engine Build: 1
LogDevObjectVersion: Number of dev versions registered: 29
LogDevObjectVersion:   Dev-Blueprints (B0D832E4-1F89-4F0D-ACCF-7EB736FD4AA2): 10
LogDevObjectVersion:   Dev-Build (E1C64328-A22C-4D53-A36C-8E866417BD8C): 0
LogDevObjectVersion:   Dev-Core (375EC13C-06E4-48FB-B500-84F0262A717E): 4
LogDevObjectVersion:   Dev-Editor (E4B068ED-F494-42E9-A231-DA0B2E46BB41): 40
LogDevObjectVersion:   Dev-Framework (CFFC743F-43B0-4480-9391-14DF171D2073): 37
LogDevObjectVersion:   Dev-Mobile (B02B49B5-BB20-44E9-A304-32B752E40360): 3
LogDevObjectVersion:   Dev-Networking (A4E4105C-59A1-49B5-A7C5-40C4547EDFEE): 0
LogDevObjectVersion:   Dev-Online (39C831C9-5AE6-47DC-9A44-9C173E1C8E7C): 0
LogDevObjectVersion:   Dev-Physics (78F01B33-EBEA-4F98-B9B4-84EACCB95AA2): 14
LogDevObjectVersion:   Dev-Platform (6631380F-2D4D-43E0-8009-CF276956A95A): 0
LogDevObjectVersion:   Dev-Rendering (12F88B9F-8875-4AFC-A67C-D90C383ABD29): 45
LogDevObjectVersion:   Dev-Sequencer (7B5AE74C-D270-4C10-A958-57980B212A5A): 13
LogDevObjectVersion:   Dev-VR (D7296918-1DD6-4BDD-9DE2-64A83CC13884): 3
LogDevObjectVersion:   Dev-LoadTimes (C2A15278-BFE7-4AFE-6C17-90FF531DF755): 1
LogDevObjectVersion:   Private-Geometry (6EACA3D4-40EC-4CC1-B786-8BED09428FC5): 3
LogDevObjectVersion:   Dev-AnimPhys (29E575DD-E0A3-4627-9D10-D276232CDCEA): 17
LogDevObjectVersion:   Dev-Anim (AF43A65D-7FD3-4947-9873-3E8ED9C1BB05): 15
LogDevObjectVersion:   Dev-ReflectionCapture (6B266CEC-1EC7-4B8F-A30B-E4D90942FC07): 1
LogDevObjectVersion:   Dev-Automation (0DF73D61-A23F-47EA-B727-89E90C41499A): 1
LogDevObjectVersion:   FortniteMain (601D1886-AC64-4F84-AA16-D3DE0DEAC7D6): 47
LogDevObjectVersion:   FortniteRelease (E7086368-6B23-4C58-8439-1B7016265E91): 1
LogDevObjectVersion:   Dev-Enterprise (9DFFBCD6-494F-0158-E221-12823C92A888): 10
LogDevObjectVersion:   Dev-Niagara (F2AED0AC-9AFE-416F-8664-AA7FFA26D6FC): 1
LogDevObjectVersion:   Dev-Destruction (174F1F0B-B4C6-45A5-B13F-2EE8D0FB917D): 10
LogDevObjectVersion:   Dev-Physics-Ext (35F94A83-E258-406C-A318-09F59610247C): 41
LogDevObjectVersion:   Dev-PhysicsMaterial-Chaos (B68FC16E-8B1B-42E2-B453-215C058844FE): 1
LogDevObjectVersion:   Dev-CineCamera (B2E18506-4273-CFC2-A54E-F4BB758BBA07): 1
LogDevObjectVersion:   Dev-VirtualProduction (64F58936-FD1B-42BA-BA96-7289D5D0FA4E): 1
LogDevObjectVersion:   Dev-MediaFramework (6F0ED827-A609-4895-9C91-998D90180EA4): 2
LogInit: Presizing for max 25165824 objects, including 0 objects not considered by GC, pre-allocating 0 bytes for permanent pool.
LogConfig: Applying CVar settings from Section [/Script/Engine.StreamingSettings] File [S:/PROJECTS/Unreal Projects/Unreal Repos/Unreal-Shooter-Game/ShooterGame/Saved/Config/Windows/Engine.ini]
LogConfig: Setting CVar [[s.MinBulkDataSizeForAsyncLoading:131072]]
LogConfig: Setting CVar [[s.AsyncLoadingThreadEnabled:0]]
LogConfig: Setting CVar [[s.EventDrivenLoaderEnabled:1]]
LogConfig: Setting CVar [[s.WarnIfTimeLimitExceeded:0]]
LogConfig: Setting CVar [[s.TimeLimitExceededMultiplier:1.5]]
LogConfig: Setting CVar [[s.TimeLimitExceededMinTime:0.005]]
LogConfig: Setting CVar [[s.UseBackgroundLevelStreaming:1]]
LogConfig: Setting CVar [[s.PriorityAsyncLoadingExtraTime:15.0]]
LogConfig: Setting CVar [[s.LevelStreamingActorsUpdateTimeLimit:5.0]]
LogConfig: Setting CVar [[s.PriorityLevelStreamingActorsUpdateExtraTime:5.0]]
LogConfig: Setting CVar [[s.LevelStreamingComponentsRegistrationGranularity:10]]
LogConfig: Setting CVar [[s.UnregisterComponentsTimeLimit:1.0]]
LogConfig: Setting CVar [[s.LevelStreamingComponentsUnregistrationGranularity:5]]
LogConfig: Setting CVar [[s.FlushStreamingOnExit:1]]
LogInit: Object subsystem initialized
LogConfig: Setting CVar [[con.DebugEarlyDefault:1]]
LogConfig: Setting CVar [[r.setres:1280x720]]
[2023.07.31-23.06.43:894][  0]LogConfig: Setting CVar [[r.VSync:0]]
[2023.07.31-23.06.43:894][  0]LogConfig: Setting CVar [[r.RHICmdBypass:0]]
[2023.07.31-23.06.43:894][  0]LogConfig: Applying CVar settings from Section [/Script/Engine.RendererSettings] File [S:/PROJECTS/Unreal Projects/Unreal Repos/Unreal-Shooter-Game/ShooterGame/Saved/Config/Windows/Engine.ini]
[2023.07.31-23.06.43:894][  0]LogConfig: Setting CVar [[r.GPUCrashDebugging:0]]
[2023.07.31-23.06.43:895][  0]LogConfig: Applying CVar settings from Section [/Script/Engine.RendererOverrideSettings] File [S:/PROJECTS/Unreal Projects/Unreal Repos/Unreal-Shooter-Game/ShooterGame/Saved/Config/Windows/Engine.ini]
[2023.07.31-23.06.43:895][  0]LogConfig: Applying CVar settings from Section [/Script/Engine.StreamingSettings] File [S:/PROJECTS/Unreal Projects/Unreal Repos/Unreal-Shooter-Game/ShooterGame/Saved/Config/Windows/Engine.ini]
[2023.07.31-23.06.43:895][  0]LogConfig: Setting CVar [[s.MinBulkDataSizeForAsyncLoading:131072]]
[2023.07.31-23.06.43:895][  0]LogConfig: Setting CVar [[s.AsyncLoadingThreadEnabled:0]]
[2023.07.31-23.06.43:895][  0]LogConfig: Setting CVar [[s.EventDrivenLoaderEnabled:1]]
[2023.07.31-23.06.43:895][  0]LogConfig: Setting CVar [[s.WarnIfTimeLimitExceeded:0]]
[2023.07.31-23.06.43:895][  0]LogConfig: Setting CVar [[s.TimeLimitExceededMultiplier:1.5]]
[2023.07.31-23.06.43:895][  0]LogConfig: Setting CVar [[s.TimeLimitExceededMinTime:0.005]]
[2023.07.31-23.06.43:895][  0]LogConfig: Setting CVar [[s.UseBackgroundLevelStreaming:1]]
[2023.07.31-23.06.43:895][  0]LogConfig: Setting CVar [[s.PriorityAsyncLoadingExtraTime:15.0]]
[2023.07.31-23.06.43:895][  0]LogConfig: Setting CVar [[s.LevelStreamingActorsUpdateTimeLimit:5.0]]
[2023.07.31-23.06.43:895][  0]LogConfig: Setting CVar [[s.PriorityLevelStreamingActorsUpdateExtraTime:5.0]]
[2023.07.31-23.06.43:895][  0]LogConfig: Setting CVar [[s.LevelStreamingComponentsRegistrationGranularity:10]]
[2023.07.31-23.06.43:895][  0]LogConfig: Setting CVar [[s.UnregisterComponentsTimeLimit:1.0]]
[2023.07.31-23.06.43:895][  0]LogConfig: Setting CVar [[s.LevelStreamingComponentsUnregistrationGranularity:5]]
[2023.07.31-23.06.43:896][  0]LogConfig: Setting CVar [[s.FlushStreamingOnExit:1]]
[2023.07.31-23.06.43:896][  0]LogConfig: Applying CVar settings from Section [/Script/Engine.GarbageCollectionSettings] File [S:/PROJECTS/Unreal Projects/Unreal Repos/Unreal-Shooter-Game/ShooterGame/Saved/Config/Windows/Engine.ini]
[2023.07.31-23.06.43:896][  0]LogConfig: Setting CVar [[gc.MaxObjectsNotConsideredByGC:1]]
[2023.07.31-23.06.43:896][  0]LogConfig: Setting CVar [[gc.SizeOfPermanentObjectPool:0]]
[2023.07.31-23.06.43:896][  0]LogConfig: Setting CVar [[gc.FlushStreamingOnGC:0]]
[2023.07.31-23.06.43:896][  0]LogConfig: Setting CVar [[gc.NumRetriesBeforeForcingGC:10]]
[2023.07.31-23.06.43:896][  0]LogConfig: Setting CVar [[gc.AllowParallelGC:1]]
[2023.07.31-23.06.43:896][  0]LogConfig: Setting CVar [[gc.TimeBetweenPurgingPendingKillObjects:61.1]]
[2023.07.31-23.06.43:896][  0]LogConfig: Setting CVar [[gc.MaxObjectsInEditor:25165824]]
[2023.07.31-23.06.43:896][  0]LogConfig: Setting CVar [[gc.IncrementalBeginDestroyEnabled:1]]
[2023.07.31-23.06.43:896][  0]LogConfig: Setting CVar [[gc.CreateGCClusters:1]]
[2023.07.31-23.06.43:896][  0]LogConfig: Setting CVar [[gc.MinGCClusterSize:5]]
[2023.07.31-23.06.43:896][  0]LogConfig: Setting CVar [[gc.ActorClusteringEnabled:0]]
[2023.07.31-23.06.43:896][  0]LogConfig: Setting CVar [[gc.BlueprintClusteringEnabled:0]]
[2023.07.31-23.06.43:897][  0]LogConfig: Setting CVar [[gc.UseDisregardForGCOnDedicatedServers:0]]
[2023.07.31-23.06.43:897][  0]LogConfig: Setting CVar [[gc.MultithreadedDestructionEnabled:1]]
[2023.07.31-23.06.43:897][  0]LogConfig: Applying CVar settings from Section [/Script/Engine.NetworkSettings] File [S:/PROJECTS/Unreal Projects/Unreal Repos/Unreal-Shooter-Game/ShooterGame/Saved/Config/Windows/Engine.ini]
[2023.07.31-23.06.43:897][  0]LogConfig: Applying CVar settings from Section [/Script/UnrealEd.CookerSettings] File [S:/PROJECTS/Unreal Projects/Unreal Repos/Unreal-Shooter-Game/ShooterGame/Saved/Config/Windows/Engine.ini]
[2023.07.31-23.06.43:925][  0]LogConfig: Applying CVar settings from Section [ViewDistanceQuality@3] File [S:/PROJECTS/Unreal Projects/Unreal Repos/Unreal-Shooter-Game/ShooterGame/Saved/Config/Windows/Scalability.ini]
[2023.07.31-23.06.43:925][  0]LogConfig: Setting CVar [[r.SkeletalMeshLODBias:0]]
[2023.07.31-23.06.43:925][  0]LogConfig: Setting CVar [[r.ViewDistanceScale:1.0]]
[2023.07.31-23.06.43:925][  0]LogConfig: Applying CVar settings from Section [AntiAliasingQuality@3] File [S:/PROJECTS/Unreal Projects/Unreal Repos/Unreal-Shooter-Game/ShooterGame/Saved/Config/Windows/Scalability.ini]
[2023.07.31-23.06.43:925][  0]LogConfig: Setting CVar [[r.PostProcessAAQuality:4]]
[2023.07.31-23.06.43:925][  0]LogConfig: Applying CVar settings from Section [ShadowQuality@3] File [S:/PROJECTS/Unreal Projects/Unreal Repos/Unreal-Shooter-Game/ShooterGame/Saved/Config/Windows/Scalability.ini]
[2023.07.31-23.06.43:925][  0]LogConfig: Setting CVar [[r.LightFunctionQuality:1]]
[2023.07.31-23.06.43:925][  0]LogConfig: Setting CVar [[r.ShadowQuality:5]]
[2023.07.31-23.06.43:925][  0]LogConfig: Setting CVar [[r.Shadow.CSM.MaxCascades:10]]
[2023.07.31-23.06.43:925][  0]LogConfig: Setting CVar [[r.Shadow.MaxResolution:2048]]
[2023.07.31-23.06.43:925][  0]LogConfig: Setting CVar [[r.Shadow.MaxCSMResolution:2048]]
[2023.07.31-23.06.43:925][  0]LogConfig: Setting CVar [[r.Shadow.RadiusThreshold:0.01]]
[2023.07.31-23.06.43:926][  0]LogConfig: Setting CVar [[r.Shadow.DistanceScale:1.0]]
[2023.07.31-23.06.43:926][  0]LogConfig: Setting CVar [[r.Shadow.CSM.TransitionScale:1.0]]
[2023.07.31-23.06.43:926][  0]LogConfig: Setting CVar [[r.Shadow.PreShadowResolutionFactor:1.0]]
[2023.07.31-23.06.43:926][  0]LogConfig: Setting CVar [[r.DistanceFieldShadowing:1]]
[2023.07.31-23.06.43:926][  0]LogConfig: Setting CVar [[r.DistanceFieldAO:1]]
[2023.07.31-23.06.43:926][  0]LogConfig: Setting CVar [[r.AOQuality:2]]
[2023.07.31-23.06.43:926][  0]LogConfig: Setting CVar [[r.VolumetricFog:1]]
[2023.07.31-23.06.43:926][  0]LogConfig: Setting CVar [[r.VolumetricFog.GridPixelSize:8]]
[2023.07.31-23.06.43:926][  0]LogConfig: Setting CVar [[r.VolumetricFog.GridSizeZ:128]]
[2023.07.31-23.06.43:926][  0]LogConfig: Setting CVar [[r.VolumetricFog.HistoryMissSupersampleCount:4]]
[2023.07.31-23.06.43:926][  0]LogConfig: Setting CVar [[r.LightMaxDrawDistanceScale:1]]
[2023.07.31-23.06.43:926][  0]LogConfig: Setting CVar [[r.CapsuleShadows:1]]
[2023.07.31-23.06.43:926][  0]LogConfig: Applying CVar settings from Section [PostProcessQuality@3] File [S:/PROJECTS/Unreal Projects/Unreal Repos/Unreal-Shooter-Game/ShooterGame/Saved/Config/Windows/Scalability.ini]
[2023.07.31-23.06.43:926][  0]LogConfig: Setting CVar [[r.MotionBlurQuality:4]]
[2023.07.31-23.06.43:926][  0]LogConfig: Setting CVar [[r.AmbientOcclusionMipLevelFactor:0.4]]
[2023.07.31-23.06.43:927][  0]LogConfig: Setting CVar [[r.AmbientOcclusionMaxQuality:100]]
[2023.07.31-23.06.43:927][  0]LogConfig: Setting CVar [[r.AmbientOcclusionLevels:-1]]
[2023.07.31-23.06.43:927][  0]LogConfig: Setting CVar [[r.AmbientOcclusionRadiusScale:1.0]]
[2023.07.31-23.06.43:927][  0]LogConfig: Setting CVar [[r.DepthOfFieldQuality:2]]
[2023.07.31-23.06.43:927][  0]LogConfig: Setting CVar [[r.RenderTargetPoolMin:400]]
[2023.07.31-23.06.43:927][  0]LogConfig: Setting CVar [[r.LensFlareQuality:2]]
[2023.07.31-23.06.43:927][  0]LogConfig: Setting CVar [[r.SceneColorFringeQuality:1]]
[2023.07.31-23.06.43:927][  0]LogConfig: Setting CVar [[r.EyeAdaptationQuality:2]]
[2023.07.31-23.06.43:927][  0]LogConfig: Setting CVar [[r.BloomQuality:5]]
[2023.07.31-23.06.43:927][  0]LogConfig: Setting CVar [[r.FastBlurThreshold:100]]
[2023.07.31-23.06.43:927][  0]LogConfig: Setting CVar [[r.Upscale.Quality:3]]
[2023.07.31-23.06.43:927][  0]LogConfig: Setting CVar [[r.Tonemapper.GrainQuantization:1]]
[2023.07.31-23.06.43:927][  0]LogConfig: Setting CVar [[r.LightShaftQuality:1]]
[2023.07.31-23.06.43:927][  0]LogConfig: Setting CVar [[r.Filter.SizeScale:1]]
[2023.07.31-23.06.43:927][  0]LogConfig: Setting CVar [[r.Tonemapper.Quality:5]]
[2023.07.31-23.06.43:927][  0]LogConfig: Setting CVar [[r.DOF.Gather.AccumulatorQuality:1        ; higher gathering accumulator quality]]
[2023.07.31-23.06.43:927][  0]LogConfig: Setting CVar [[r.DOF.Gather.PostfilterMethod:1          ; Median3x3 postfilering method]]
[2023.07.31-23.06.43:928][  0]LogConfig: Setting CVar [[r.DOF.Gather.EnableBokehSettings:0       ; no bokeh simulation when gathering]]
[2023.07.31-23.06.43:928][  0]LogConfig: Setting CVar [[r.DOF.Gather.RingCount:4                 ; medium number of samples when gathering]]
[2023.07.31-23.06.43:928][  0]LogConfig: Setting CVar [[r.DOF.Scatter.ForegroundCompositing:1    ; additive foreground scattering]]
[2023.07.31-23.06.43:928][  0]LogConfig: Setting CVar [[r.DOF.Scatter.BackgroundCompositing:2    ; additive background scattering]]
[2023.07.31-23.06.43:928][  0]LogConfig: Setting CVar [[r.DOF.Scatter.EnableBokehSettings:1      ; bokeh simulation when scattering]]
[2023.07.31-23.06.43:928][  0]LogConfig: Setting CVar [[r.DOF.Scatter.MaxSpriteRatio:0.1         ; only a maximum of 10% of scattered bokeh]]
[2023.07.31-23.06.43:928][  0]LogConfig: Setting CVar [[r.DOF.Recombine.Quality:1                ; cheap slight out of focus]]
[2023.07.31-23.06.43:928][  0]LogConfig: Setting CVar [[r.DOF.Recombine.EnableBokehSettings:0    ; no bokeh simulation on slight out of focus]]
[2023.07.31-23.06.43:928][  0]LogConfig: Setting CVar [[r.DOF.TemporalAAQuality:1                ; more stable temporal accumulation]]
[2023.07.31-23.06.43:928][  0]LogConfig: Setting CVar [[r.DOF.Kernel.MaxForegroundRadius:0.025]]
[2023.07.31-23.06.43:928][  0]LogConfig: Setting CVar [[r.DOF.Kernel.MaxBackgroundRadius:0.025]]
[2023.07.31-23.06.43:928][  0]LogConfig: Applying CVar settings from Section [TextureQuality@3] File [S:/PROJECTS/Unreal Projects/Unreal Repos/Unreal-Shooter-Game/ShooterGame/Saved/Config/Windows/Scalability.ini]
[2023.07.31-23.06.43:928][  0]LogConfig: Setting CVar [[r.Streaming.MipBias:0]]
[2023.07.31-23.06.43:928][  0]LogConfig: Setting CVar [[r.Streaming.AmortizeCPUToGPUCopy:0]]
[2023.07.31-23.06.43:929][  0]LogConfig: Setting CVar [[r.Streaming.MaxNumTexturesToStreamPerFrame:0]]
[2023.07.31-23.06.43:929][  0]LogConfig: Setting CVar [[r.Streaming.Boost:1]]
[2023.07.31-23.06.43:929][  0]LogConfig: Setting CVar [[r.MaxAnisotropy:8]]
[2023.07.31-23.06.43:929][  0]LogConfig: Setting CVar [[r.VT.MaxAnisotropy:8]]
[2023.07.31-23.06.43:929][  0]LogConfig: Setting CVar [[r.Streaming.LimitPoolSizeToVRAM:0]]
[2023.07.31-23.06.43:929][  0]LogConfig: Setting CVar [[r.Streaming.PoolSize:1000]]
[2023.07.31-23.06.43:929][  0]LogConfig: Setting CVar [[r.Streaming.MaxEffectiveScreenSize:0]]
[2023.07.31-23.06.43:929][  0]LogConfig: Applying CVar settings from Section [EffectsQuality@3] File [S:/PROJECTS/Unreal Projects/Unreal Repos/Unreal-Shooter-Game/ShooterGame/Saved/Config/Windows/Scalability.ini]
[2023.07.31-23.06.43:929][  0]LogConfig: Setting CVar [[r.TranslucencyLightingVolumeDim:64]]
[2023.07.31-23.06.43:929][  0]LogConfig: Setting CVar [[r.RefractionQuality:2]]
[2023.07.31-23.06.43:929][  0]LogConfig: Setting CVar [[r.SSR.Quality:3]]
[2023.07.31-23.06.43:929][  0]LogConfig: Setting CVar [[r.SSR.HalfResSceneColor:0]]
[2023.07.31-23.06.43:929][  0]LogConfig: Setting CVar [[r.SceneColorFormat:4]]
[2023.07.31-23.06.43:929][  0]LogConfig: Setting CVar [[r.DetailMode:2]]
[2023.07.31-23.06.43:929][  0]LogConfig: Setting CVar [[r.TranslucencyVolumeBlur:1]]
[2023.07.31-23.06.43:929][  0]LogConfig: Setting CVar [[r.MaterialQualityLevel:1 ; High quality]]
[2023.07.31-23.06.43:930][  0]LogConfig: Setting CVar [[r.AnisotropicMaterials:1]]
[2023.07.31-23.06.43:930][  0]LogConfig: Setting CVar [[r.SSS.Scale:1]]
[2023.07.31-23.06.43:930][  0]LogConfig: Setting CVar [[r.SSS.SampleSet:2]]
[2023.07.31-23.06.43:930][  0]LogConfig: Setting CVar [[r.SSS.Quality:1]]
[2023.07.31-23.06.43:930][  0]LogConfig: Setting CVar [[r.SSS.HalfRes:0]]
[2023.07.31-23.06.43:930][  0]LogConfig: Setting CVar [[r.SSGI.Quality:3]]
[2023.07.31-23.06.43:930][  0]LogConfig: Setting CVar [[r.EmitterSpawnRateScale:1.0]]
[2023.07.31-23.06.43:930][  0]LogConfig: Setting CVar [[r.ParticleLightQuality:2]]
[2023.07.31-23.06.43:930][  0]LogConfig: Setting CVar [[r.SkyAtmosphere.AerialPerspectiveLUT.FastApplyOnOpaque:1 ; Always have FastSkyLUT 1 in this case to avoid wrong sky]]
[2023.07.31-23.06.43:930][  0]LogConfig: Setting CVar [[r.SkyAtmosphere.AerialPerspectiveLUT.SampleCountMaxPerSlice:4]]
[2023.07.31-23.06.43:930][  0]LogConfig: Setting CVar [[r.SkyAtmosphere.AerialPerspectiveLUT.DepthResolution:16.0]]
[2023.07.31-23.06.43:930][  0]LogConfig: Setting CVar [[r.SkyAtmosphere.FastSkyLUT:1]]
[2023.07.31-23.06.43:930][  0]LogConfig: Setting CVar [[r.SkyAtmosphere.FastSkyLUT.SampleCountMin:4.0]]
[2023.07.31-23.06.43:931][  0]LogConfig: Setting CVar [[r.SkyAtmosphere.FastSkyLUT.SampleCountMax:128.0]]
[2023.07.31-23.06.43:931][  0]LogConfig: Setting CVar [[r.SkyAtmosphere.SampleCountMin:4.0]]
[2023.07.31-23.06.43:931][  0]LogConfig: Setting CVar [[r.SkyAtmosphere.SampleCountMax:128.0]]
[2023.07.31-23.06.43:931][  0]LogConfig: Setting CVar [[r.SkyAtmosphere.TransmittanceLUT.UseSmallFormat:0]]
[2023.07.31-23.06.43:931][  0]LogConfig: Setting CVar [[r.SkyAtmosphere.TransmittanceLUT.SampleCount:10.0]]
[2023.07.31-23.06.43:931][  0]LogConfig: Setting CVar [[r.SkyAtmosphere.MultiScatteringLUT.SampleCount:15.0]]
[2023.07.31-23.06.43:931][  0]LogConfig: Setting CVar [[r.SkyLight.RealTimeReflectionCapture:1]]
[2023.07.31-23.06.43:931][  0]LogConfig: Applying CVar settings from Section [FoliageQuality@3] File [S:/PROJECTS/Unreal Projects/Unreal Repos/Unreal-Shooter-Game/ShooterGame/Saved/Config/Windows/Scalability.ini]
[2023.07.31-23.06.43:931][  0]LogConfig: Setting CVar [[foliage.DensityScale:1.0]]
[2023.07.31-23.06.43:931][  0]LogConfig: Setting CVar [[grass.DensityScale:1.0]]
[2023.07.31-23.06.43:931][  0]LogConfig: Applying CVar settings from Section [ShadingQuality@3] File [S:/PROJECTS/Unreal Projects/Unreal Repos/Unreal-Shooter-Game/ShooterGame/Saved/Config/Windows/Scalability.ini]
[2023.07.31-23.06.43:931][  0]LogConfig: Setting CVar [[r.HairStrands.SkyLighting.IntegrationType:2]]
[2023.07.31-23.06.43:931][  0]LogConfig: Setting CVar [[r.HairStrands.SkyAO.SampleCount:4]]
[2023.07.31-23.06.43:931][  0]LogConfig: Setting CVar [[r.HairStrands.Visibility.MSAA.SamplePerPixel:4]]
[2023.07.31-23.06.43:932][  0]LogInit: Selected Device Profile: [Windows]
[2023.07.31-23.06.43:932][  0]LogInit: Applying CVar settings loaded from the selected device profile: [Windows]
[2023.07.31-23.06.43:932][  0]LogHAL: Display: Platform has ~ 16 GB [17107644416 / 17179869184 / 16], which maps to Larger [LargestMinGB=32, LargerMinGB=12, DefaultMinGB=8, SmallerMinGB=6, SmallestMinGB=0)
[2023.07.31-23.06.43:932][  0]LogInit: Going up to parent DeviceProfile []
[2023.07.31-23.06.43:932][  0]LogConfig: Applying CVar settings from Section [ViewDistanceQuality@3] File [S:/PROJECTS/Unreal Projects/Unreal Repos/Unreal-Shooter-Game/ShooterGame/Saved/Config/Windows/Scalability.ini]
[2023.07.31-23.06.43:932][  0]LogConfig: Setting CVar [[r.SkeletalMeshLODBias:0]]
[2023.07.31-23.06.43:932][  0]LogConfig: Setting CVar [[r.ViewDistanceScale:1.0]]
[2023.07.31-23.06.43:932][  0]LogConfig: Applying CVar settings from Section [AntiAliasingQuality@3] File [S:/PROJECTS/Unreal Projects/Unreal Repos/Unreal-Shooter-Game/ShooterGame/Saved/Config/Windows/Scalability.ini]
[2023.07.31-23.06.43:932][  0]LogConfig: Setting CVar [[r.PostProcessAAQuality:4]]
[2023.07.31-23.06.43:932][  0]LogConfig: Applying CVar settings from Section [ShadowQuality@3] File [S:/PROJECTS/Unreal Projects/Unreal Repos/Unreal-Shooter-Game/ShooterGame/Saved/Config/Windows/Scalability.ini]
[2023.07.31-23.06.43:932][  0]LogConfig: Setting CVar [[r.LightFunctionQuality:1]]
[2023.07.31-23.06.43:932][  0]LogConfig: Setting CVar [[r.ShadowQuality:5]]
[2023.07.31-23.06.43:932][  0]LogConfig: Setting CVar [[r.Shadow.CSM.MaxCascades:10]]
[2023.07.31-23.06.43:932][  0]LogConfig: Setting CVar [[r.Shadow.MaxResolution:2048]]
[2023.07.31-23.06.43:932][  0]LogConfig: Setting CVar [[r.Shadow.MaxCSMResolution:2048]]
[2023.07.31-23.06.43:933][  0]LogConfig: Setting CVar [[r.Shadow.RadiusThreshold:0.01]]
[2023.07.31-23.06.43:933][  0]LogConfig: Setting CVar [[r.Shadow.DistanceScale:1.0]]
[2023.07.31-23.06.43:933][  0]LogConfig: Setting CVar [[r.Shadow.CSM.TransitionScale:1.0]]
[2023.07.31-23.06.43:933][  0]LogConfig: Setting CVar [[r.Shadow.PreShadowResolutionFactor:1.0]]
[2023.07.31-23.06.43:933][  0]LogConfig: Setting CVar [[r.DistanceFieldShadowing:1]]
[2023.07.31-23.06.43:933][  0]LogConfig: Setting CVar [[r.DistanceFieldAO:1]]
[2023.07.31-23.06.43:933][  0]LogConfig: Setting CVar [[r.AOQuality:2]]
[2023.07.31-23.06.43:933][  0]LogConfig: Setting CVar [[r.VolumetricFog:1]]
[2023.07.31-23.06.43:933][  0]LogConfig: Setting CVar [[r.VolumetricFog.GridPixelSize:8]]
[2023.07.31-23.06.43:933][  0]LogConfig: Setting CVar [[r.VolumetricFog.GridSizeZ:128]]
[2023.07.31-23.06.43:933][  0]LogConfig: Setting CVar [[r.VolumetricFog.HistoryMissSupersampleCount:4]]
[2023.07.31-23.06.43:933][  0]LogConfig: Setting CVar [[r.LightMaxDrawDistanceScale:1]]
[2023.07.31-23.06.43:933][  0]LogConfig: Setting CVar [[r.CapsuleShadows:1]]
[2023.07.31-23.06.43:933][  0]LogConfig: Applying CVar settings from Section [PostProcessQuality@3] File [S:/PROJECTS/Unreal Projects/Unreal Repos/Unreal-Shooter-Game/ShooterGame/Saved/Config/Windows/Scalability.ini]
[2023.07.31-23.06.43:933][  0]LogConfig: Setting CVar [[r.MotionBlurQuality:4]]
[2023.07.31-23.06.43:933][  0]LogConfig: Setting CVar [[r.AmbientOcclusionMipLevelFactor:0.4]]
[2023.07.31-23.06.43:933][  0]LogConfig: Setting CVar [[r.AmbientOcclusionMaxQuality:100]]
[2023.07.31-23.06.43:934][  0]LogConfig: Setting CVar [[r.AmbientOcclusionLevels:-1]]
[2023.07.31-23.06.43:934][  0]LogConfig: Setting CVar [[r.AmbientOcclusionRadiusScale:1.0]]
[2023.07.31-23.06.43:934][  0]LogConfig: Setting CVar [[r.DepthOfFieldQuality:2]]
[2023.07.31-23.06.43:934][  0]LogConfig: Setting CVar [[r.RenderTargetPoolMin:400]]
[2023.07.31-23.06.43:934][  0]LogConfig: Setting CVar [[r.LensFlareQuality:2]]
[2023.07.31-23.06.43:934][  0]LogConfig: Setting CVar [[r.SceneColorFringeQuality:1]]
[2023.07.31-23.06.43:934][  0]LogConfig: Setting CVar [[r.EyeAdaptationQuality:2]]
[2023.07.31-23.06.43:934][  0]LogConfig: Setting CVar [[r.BloomQuality:5]]
[2023.07.31-23.06.43:934][  0]LogConfig: Setting CVar [[r.FastBlurThreshold:100]]
[2023.07.31-23.06.43:934][  0]LogConfig: Setting CVar [[r.Upscale.Quality:3]]
[2023.07.31-23.06.43:934][  0]LogConfig: Setting CVar [[r.Tonemapper.GrainQuantization:1]]
[2023.07.31-23.06.43:934][  0]LogConfig: Setting CVar [[r.LightShaftQuality:1]]
[2023.07.31-23.06.43:934][  0]LogConfig: Setting CVar [[r.Filter.SizeScale:1]]
[2023.07.31-23.06.43:934][  0]LogConfig: Setting CVar [[r.Tonemapper.Quality:5]]
[2023.07.31-23.06.43:934][  0]LogConfig: Setting CVar [[r.DOF.Gather.AccumulatorQuality:1        ; higher gathering accumulator quality]]
[2023.07.31-23.06.43:934][  0]LogConfig: Setting CVar [[r.DOF.Gather.PostfilterMethod:1          ; Median3x3 postfilering method]]
[2023.07.31-23.06.43:934][  0]LogConfig: Setting CVar [[r.DOF.Gather.EnableBokehSettings:0       ; no bokeh simulation when gathering]]
[2023.07.31-23.06.43:935][  0]LogConfig: Setting CVar [[r.DOF.Gather.RingCount:4                 ; medium number of samples when gathering]]
[2023.07.31-23.06.43:935][  0]LogConfig: Setting CVar [[r.DOF.Scatter.ForegroundCompositing:1    ; additive foreground scattering]]
[2023.07.31-23.06.43:935][  0]LogConfig: Setting CVar [[r.DOF.Scatter.BackgroundCompositing:2    ; additive background scattering]]
[2023.07.31-23.06.43:935][  0]LogConfig: Setting CVar [[r.DOF.Scatter.EnableBokehSettings:1      ; bokeh simulation when scattering]]
[2023.07.31-23.06.43:935][  0]LogConfig: Setting CVar [[r.DOF.Scatter.MaxSpriteRatio:0.1         ; only a maximum of 10% of scattered bokeh]]
[2023.07.31-23.06.43:935][  0]LogConfig: Setting CVar [[r.DOF.Recombine.Quality:1                ; cheap slight out of focus]]
[2023.07.31-23.06.43:935][  0]LogConfig: Setting CVar [[r.DOF.Recombine.EnableBokehSettings:0    ; no bokeh simulation on slight out of focus]]
[2023.07.31-23.06.43:935][  0]LogConfig: Setting CVar [[r.DOF.TemporalAAQuality:1                ; more stable temporal accumulation]]
[2023.07.31-23.06.43:935][  0]LogConfig: Setting CVar [[r.DOF.Kernel.MaxForegroundRadius:0.025]]
[2023.07.31-23.06.43:935][  0]LogConfig: Setting CVar [[r.DOF.Kernel.MaxBackgroundRadius:0.025]]
[2023.07.31-23.06.43:935][  0]LogConfig: Applying CVar settings from Section [TextureQuality@3] File [S:/PROJECTS/Unreal Projects/Unreal Repos/Unreal-Shooter-Game/ShooterGame/Saved/Config/Windows/Scalability.ini]
[2023.07.31-23.06.43:935][  0]LogConfig: Setting CVar [[r.Streaming.MipBias:0]]
[2023.07.31-23.06.43:935][  0]LogConfig: Setting CVar [[r.Streaming.AmortizeCPUToGPUCopy:0]]
[2023.07.31-23.06.43:935][  0]LogConfig: Setting CVar [[r.Streaming.MaxNumTexturesToStreamPerFrame:0]]
[2023.07.31-23.06.43:936][  0]LogConfig: Setting CVar [[r.Streaming.Boost:1]]
[2023.07.31-23.06.43:936][  0]LogConfig: Setting CVar [[r.MaxAnisotropy:8]]
[2023.07.31-23.06.43:936][  0]LogConfig: Setting CVar [[r.VT.MaxAnisotropy:8]]
[2023.07.31-23.06.43:936][  0]LogConfig: Setting CVar [[r.Streaming.LimitPoolSizeToVRAM:0]]
[2023.07.31-23.06.43:936][  0]LogConfig: Setting CVar [[r.Streaming.PoolSize:1000]]
[2023.07.31-23.06.43:936][  0]LogConfig: Setting CVar [[r.Streaming.MaxEffectiveScreenSize:0]]
[2023.07.31-23.06.43:936][  0]LogConfig: Applying CVar settings from Section [EffectsQuality@3] File [S:/PROJECTS/Unreal Projects/Unreal Repos/Unreal-Shooter-Game/ShooterGame/Saved/Config/Windows/Scalability.ini]
[2023.07.31-23.06.43:936][  0]LogConfig: Setting CVar [[r.TranslucencyLightingVolumeDim:64]]
[2023.07.31-23.06.43:936][  0]LogConfig: Setting CVar [[r.RefractionQuality:2]]
[2023.07.31-23.06.43:936][  0]LogConfig: Setting CVar [[r.SSR.Quality:3]]
[2023.07.31-23.06.43:936][  0]LogConfig: Setting CVar [[r.SSR.HalfResSceneColor:0]]
[2023.07.31-23.06.43:936][  0]LogConfig: Setting CVar [[r.SceneColorFormat:4]]
[2023.07.31-23.06.43:936][  0]LogConfig: Setting CVar [[r.DetailMode:2]]
[2023.07.31-23.06.43:936][  0]LogConfig: Setting CVar [[r.TranslucencyVolumeBlur:1]]
[2023.07.31-23.06.43:936][  0]LogConfig: Setting CVar [[r.MaterialQualityLevel:1 ; High quality]]
[2023.07.31-23.06.43:936][  0]LogConfig: Setting CVar [[r.AnisotropicMaterials:1]]
[2023.07.31-23.06.43:936][  0]LogConfig: Setting CVar [[r.SSS.Scale:1]]
[2023.07.31-23.06.43:937][  0]LogConfig: Setting CVar [[r.SSS.SampleSet:2]]
[2023.07.31-23.06.43:937][  0]LogConfig: Setting CVar [[r.SSS.Quality:1]]
[2023.07.31-23.06.43:937][  0]LogConfig: Setting CVar [[r.SSS.HalfRes:0]]
[2023.07.31-23.06.43:937][  0]LogConfig: Setting CVar [[r.SSGI.Quality:3]]
[2023.07.31-23.06.43:937][  0]LogConfig: Setting CVar [[r.EmitterSpawnRateScale:1.0]]
[2023.07.31-23.06.43:937][  0]LogConfig: Setting CVar [[r.ParticleLightQuality:2]]
[2023.07.31-23.06.43:937][  0]LogConfig: Setting CVar [[r.SkyAtmosphere.AerialPerspectiveLUT.FastApplyOnOpaque:1 ; Always have FastSkyLUT 1 in this case to avoid wrong sky]]
[2023.07.31-23.06.43:937][  0]LogConfig: Setting CVar [[r.SkyAtmosphere.AerialPerspectiveLUT.SampleCountMaxPerSlice:4]]
[2023.07.31-23.06.43:937][  0]LogConfig: Setting CVar [[r.SkyAtmosphere.AerialPerspectiveLUT.DepthResolution:16.0]]
[2023.07.31-23.06.43:937][  0]LogConfig: Setting CVar [[r.SkyAtmosphere.FastSkyLUT:1]]
[2023.07.31-23.06.43:937][  0]LogConfig: Setting CVar [[r.SkyAtmosphere.FastSkyLUT.SampleCountMin:4.0]]
[2023.07.31-23.06.43:937][  0]LogConfig: Setting CVar [[r.SkyAtmosphere.FastSkyLUT.SampleCountMax:128.0]]
[2023.07.31-23.06.43:937][  0]LogConfig: Setting CVar [[r.SkyAtmosphere.SampleCountMin:4.0]]
[2023.07.31-23.06.43:937][  0]LogConfig: Setting CVar [[r.SkyAtmosphere.SampleCountMax:128.0]]
[2023.07.31-23.06.43:937][  0]LogConfig: Setting CVar [[r.SkyAtmosphere.TransmittanceLUT.UseSmallFormat:0]]
[2023.07.31-23.06.43:937][  0]LogConfig: Setting CVar [[r.SkyAtmosphere.TransmittanceLUT.SampleCount:10.0]]
[2023.07.31-23.06.43:937][  0]LogConfig: Setting CVar [[r.SkyAtmosphere.MultiScatteringLUT.SampleCount:15.0]]
[2023.07.31-23.06.43:937][  0]LogConfig: Setting CVar [[r.SkyLight.RealTimeReflectionCapture:1]]
[2023.07.31-23.06.43:938][  0]LogConfig: Applying CVar settings from Section [FoliageQuality@3] File [S:/PROJECTS/Unreal Projects/Unreal Repos/Unreal-Shooter-Game/ShooterGame/Saved/Config/Windows/Scalability.ini]
[2023.07.31-23.06.43:938][  0]LogConfig: Setting CVar [[foliage.DensityScale:1.0]]
[2023.07.31-23.06.43:938][  0]LogConfig: Setting CVar [[grass.DensityScale:1.0]]
[2023.07.31-23.06.43:938][  0]LogConfig: Applying CVar settings from Section [ShadingQuality@3] File [S:/PROJECTS/Unreal Projects/Unreal Repos/Unreal-Shooter-Game/ShooterGame/Saved/Config/Windows/Scalability.ini]
[2023.07.31-23.06.43:938][  0]LogConfig: Setting CVar [[r.HairStrands.SkyLighting.IntegrationType:2]]
[2023.07.31-23.06.43:938][  0]LogConfig: Setting CVar [[r.HairStrands.SkyAO.SampleCount:4]]
[2023.07.31-23.06.43:938][  0]LogConfig: Setting CVar [[r.HairStrands.Visibility.MSAA.SamplePerPixel:4]]
[2023.07.31-23.06.43:938][  0]LogConfig: Applying CVar settings from Section [Startup] File [../../../Engine/Config/ConsoleVariables.ini]
[2023.07.31-23.06.43:938][  0]LogConfig: Setting CVar [[net.UseAdaptiveNetUpdateFrequency:0]]
[2023.07.31-23.06.43:938][  0]LogConfig: Setting CVar [[p.chaos.AllowCreatePhysxBodies:1]]
[2023.07.31-23.06.43:938][  0]LogConfig: Setting CVar [[fx.SkipVectorVMBackendOptimizations:1]]
[2023.07.31-23.06.43:938][  0]LogConfig: Applying CVar settings from Section [ConsoleVariables] File [S:/PROJECTS/Unreal Projects/Unreal Repos/Unreal-Shooter-Game/ShooterGame/Saved/Config/Windows/Engine.ini]
[2023.07.31-23.06.43:939][  0]LogConfig: Applying CVar settings from Section [ConsoleVariables] File [S:/PROJECTS/Unreal Projects/Unreal Repos/Unreal-Shooter-Game/ShooterGame/Saved/Config/Windows/Editor.ini]
[2023.07.31-23.06.43:939][  0]LogInit: Computer: FEDE-PC
[2023.07.31-23.06.43:939][  0]LogInit: User: fedeb
[2023.07.31-23.06.43:939][  0]LogInit: CPU Page size=4096, Cores=8
[2023.07.31-23.06.43:939][  0]LogInit: High frequency timer resolution =10.000000 MHz
[2023.07.31-23.06.43:939][  0]LogMemory: Memory total: Physical=15.9GB (16GB approx)
[2023.07.31-23.06.43:939][  0]LogMemory: Platform Memory Stats for Windows
[2023.07.31-23.06.43:939][  0]LogMemory: Process Physical Memory: 145.55 MB used, 145.55 MB peak
[2023.07.31-23.06.43:939][  0]LogMemory: Process Virtual Memory: 125.04 MB used, 125.04 MB peak
[2023.07.31-23.06.43:939][  0]LogMemory: Physical Memory: 13948.32 MB used,  2366.80 MB free, 16315.12 MB total
[2023.07.31-23.06.43:939][  0]LogMemory: Virtual Memory: 134202296.00 MB used,  15429.51 MB free, 134217728.00 MB total
[2023.07.31-23.06.43:955][  0]LogWindows: WindowsPlatformFeatures enabled
[2023.07.31-23.06.44:178][  0]LogInit: Physics initialised using underlying interface: PhysX
[2023.07.31-23.06.44:179][  0]LogInit: Overriding language with editor language configuration option (en).
[2023.07.31-23.06.44:179][  0]LogInit: Overriding language with editor locale configuration option (en).
[2023.07.31-23.06.44:497][  0]LogInit: Setting process to per monitor DPI aware
[2023.07.31-23.06.44:568][  0]LogWindowsTextInputMethodSystem: Display: IME system deactivated.
[2023.07.31-23.06.44:599][  0]LogSlate: New Slate User Created.  User Index 0, Is Virtual User: 0
[2023.07.31-23.06.44:599][  0]LogSlate: Slate User Registered.  User Index 0, Is Virtual User: 0
[2023.07.31-23.06.44:851][  0]LogD3D11RHI: Loaded GFSDK_Aftermath_Lib.x64.dll
[2023.07.31-23.06.44:859][  0]LogHMD: Failed to initialize OpenVR with code 110
[2023.07.31-23.06.44:859][  0]LogD3D11RHI: D3D11 min allowed feature level: 11_0
[2023.07.31-23.06.44:859][  0]LogD3D11RHI: D3D11 max allowed feature level: 11_0
[2023.07.31-23.06.44:859][  0]LogD3D11RHI: D3D11 adapters:
[2023.07.31-23.06.45:079][  0]LogD3D11RHI:    0. 'NVIDIA GeForce RTX 3060' (Feature Level 11_0)
[2023.07.31-23.06.45:079][  0]LogD3D11RHI:       12129/0/8157 MB DedicatedVideo/DedicatedSystem/SharedSystem, Outputs:2, VendorId:0x10de
[2023.07.31-23.06.45:091][  0]LogD3D11RHI:    1. 'Microsoft Basic Render Driver' (Feature Level 11_0)
[2023.07.31-23.06.45:091][  0]LogD3D11RHI:       0/0/8157 MB DedicatedVideo/DedicatedSystem/SharedSystem, Outputs:0, VendorId:0x1414
[2023.07.31-23.06.45:091][  0]LogD3D11RHI: Chosen D3D11 Adapter:
[2023.07.31-23.06.45:091][  0]LogD3D11RHI:     Description : NVIDIA GeForce RTX 3060
[2023.07.31-23.06.45:091][  0]LogD3D11RHI:     VendorId    : 10de
[2023.07.31-23.06.45:091][  0]LogD3D11RHI:     DeviceId    : 2504
[2023.07.31-23.06.45:091][  0]LogD3D11RHI:     SubSysId    : 263019da
[2023.07.31-23.06.45:091][  0]LogD3D11RHI:     Revision    : 00a1
[2023.07.31-23.06.45:091][  0]LogD3D11RHI:     DedicatedVideoMemory : 12718178304 bytes
[2023.07.31-23.06.45:091][  0]LogD3D11RHI:     DedicatedSystemMemory : 0 bytes
[2023.07.31-23.06.45:091][  0]LogD3D11RHI:     SharedSystemMemory : 8553822208 bytes
[2023.07.31-23.06.45:091][  0]LogD3D11RHI:     AdapterLuid : 0 308482213
[2023.07.31-23.06.45:100][  0]LogD3D11RHI: Creating new Direct3DDevice
[2023.07.31-23.06.45:101][  0]LogD3D11RHI:     GPU DeviceId: 0x2504 (for the marketing name, search the web for "GPU Device Id")
[2023.07.31-23.06.45:101][  0]LogWindows: EnumDisplayDevices:
[2023.07.31-23.06.45:101][  0]LogWindows:    0. 'NVIDIA GeForce RTX 3060' (P:0 D:1)
[2023.07.31-23.06.45:101][  0]LogWindows:    1. 'NVIDIA GeForce RTX 3060' (P:1 D:1)
[2023.07.31-23.06.45:101][  0]LogWindows:    2. 'NVIDIA GeForce RTX 3060' (P:0 D:0)
[2023.07.31-23.06.45:102][  0]LogWindows:    3. 'NVIDIA GeForce RTX 3060' (P:0 D:0)
[2023.07.31-23.06.45:102][  0]LogWindows: DebugString: FoundDriverCount:4 
[2023.07.31-23.06.45:102][  0]LogD3D11RHI:     Adapter Name: NVIDIA GeForce RTX 3060
[2023.07.31-23.06.45:102][  0]LogD3D11RHI:   Driver Version: 536.67 (internal:31.0.15.3667, unified:536.67)
[2023.07.31-23.06.45:102][  0]LogD3D11RHI:      Driver Date: 7-12-2023
[2023.07.31-23.06.45:102][  0]LogRHI: Texture pool is 8490 MB (70% of 12129 MB)
[2023.07.31-23.06.45:102][  0]LogD3D11RHI: Creating D3DDevice using adapter:
[2023.07.31-23.06.45:102][  0]LogD3D11RHI:     Description : NVIDIA GeForce RTX 3060
[2023.07.31-23.06.45:102][  0]LogD3D11RHI:     VendorId    : 10de
[2023.07.31-23.06.45:102][  0]LogD3D11RHI:     DeviceId    : 2504
[2023.07.31-23.06.45:102][  0]LogD3D11RHI:     SubSysId    : 263019da
[2023.07.31-23.06.45:103][  0]LogD3D11RHI:     Revision    : 00a1
[2023.07.31-23.06.45:103][  0]LogD3D11RHI:     DedicatedVideoMemory : 12718178304 bytes
[2023.07.31-23.06.45:103][  0]LogD3D11RHI:     DedicatedSystemMemory : 0 bytes
[2023.07.31-23.06.45:103][  0]LogD3D11RHI:     SharedSystemMemory : 8553822208 bytes
[2023.07.31-23.06.45:103][  0]LogD3D11RHI:     AdapterLuid : 0 308482213
[2023.07.31-23.06.45:205][  0]LogD3D11RHI: RHI has support for 64 bit atomics
[2023.07.31-23.06.45:205][  0]LogD3D11RHI: Async texture creation enabled
[2023.07.31-23.06.45:205][  0]LogD3D11RHI: Array index from any shader is supported
[2023.07.31-23.06.45:220][  0]LogD3D11RHI: GPU Timing Frequency: 1000.000000 (Debug: 2 1)
[2023.07.31-23.06.45:277][  0]LogRHI: GeForceNow SDK initialized: 1
[2023.07.31-23.06.45:545][  0]LogTargetPlatformManager: Display: Loaded TargetPlatform 'AllDesktop'
[2023.07.31-23.06.45:570][  0]LogTargetPlatformManager: Display: Loaded TargetPlatform 'Android'
[2023.07.31-23.06.45:570][  0]LogTargetPlatformManager: Display: Loaded TargetPlatform 'Android_ASTC'
[2023.07.31-23.06.45:570][  0]LogTargetPlatformManager: Display: Loaded TargetPlatform 'Android_DXT'
[2023.07.31-23.06.45:570][  0]LogTargetPlatformManager: Display: Loaded TargetPlatform 'Android_ETC2'
[2023.07.31-23.06.45:570][  0]LogTargetPlatformManager: Display: Loaded TargetPlatform 'AndroidClient'
[2023.07.31-23.06.45:570][  0]LogTargetPlatformManager: Display: Loaded TargetPlatform 'Android_ASTCClient'
[2023.07.31-23.06.45:570][  0]LogTargetPlatformManager: Display: Loaded TargetPlatform 'Android_DXTClient'
[2023.07.31-23.06.45:570][  0]LogTargetPlatformManager: Display: Loaded TargetPlatform 'Android_ETC2Client'
[2023.07.31-23.06.45:571][  0]LogTargetPlatformManager: Display: Loaded TargetPlatform 'Android_Multi'
[2023.07.31-23.06.45:571][  0]LogTargetPlatformManager: Display: Loaded TargetPlatform 'Android_MultiClient'
[2023.07.31-23.06.45:598][  0]LogTargetPlatformManager: Display: Loaded TargetPlatform 'IOSClient'
[2023.07.31-23.06.45:598][  0]LogTargetPlatformManager: Display: Loaded TargetPlatform 'IOS'
[2023.07.31-23.06.45:620][  0]LogTargetPlatformManager: Display: Loaded TargetPlatform 'Linux'
[2023.07.31-23.06.45:628][  0]LogTargetPlatformManager: Display: Loaded TargetPlatform 'LinuxNoEditor'
[2023.07.31-23.06.45:636][  0]LogTargetPlatformManager: Display: Loaded TargetPlatform 'LinuxClient'
[2023.07.31-23.06.45:644][  0]LogTargetPlatformManager: Display: Loaded TargetPlatform 'LinuxServer'
[2023.07.31-23.06.45:661][  0]LogTargetPlatformManager: Display: Loaded TargetPlatform 'LinuxAArch64NoEditor'
[2023.07.31-23.06.45:669][  0]LogTargetPlatformManager: Display: Loaded TargetPlatform 'LinuxAArch64Client'
[2023.07.31-23.06.45:678][  0]LogTargetPlatformManager: Display: Loaded TargetPlatform 'LinuxAArch64Server'
[2023.07.31-23.06.45:708][  0]LogTargetPlatformManager: Display: Loaded TargetPlatform 'Lumin'
[2023.07.31-23.06.45:708][  0]LogTargetPlatformManager: Display: Loaded TargetPlatform 'LuminClient'
[2023.07.31-23.06.45:729][  0]LogTargetPlatformManager: Display: Loaded TargetPlatform 'MacNoEditor'
[2023.07.31-23.06.45:737][  0]LogTargetPlatformManager: Display: Loaded TargetPlatform 'Mac'
[2023.07.31-23.06.45:745][  0]LogTargetPlatformManager: Display: Loaded TargetPlatform 'MacClient'
[2023.07.31-23.06.45:752][  0]LogTargetPlatformManager: Display: Loaded TargetPlatform 'MacServer'
[2023.07.31-23.06.45:764][  0]LogTargetPlatformManager: Display: Loaded TargetPlatform 'TVOSClient'
[2023.07.31-23.06.45:764][  0]LogTargetPlatformManager: Display: Loaded TargetPlatform 'TVOS'
[2023.07.31-23.06.45:776][  0]LogTargetPlatformManager: Display: Loaded TargetPlatform 'WindowsNoEditor'
[2023.07.31-23.06.45:784][  0]LogTargetPlatformManager: Display: Loaded TargetPlatform 'Windows'
[2023.07.31-23.06.45:791][  0]LogTargetPlatformManager: Display: Loaded TargetPlatform 'WindowsClient'
[2023.07.31-23.06.45:799][  0]LogTargetPlatformManager: Display: Loaded TargetPlatform 'WindowsServer'
[2023.07.31-23.06.45:799][  0]LogTargetPlatformManager: Display: Building Assets For Windows
[2023.07.31-23.06.45:822][  0]LogAudioDebug: Display: Lib vorbis DLL was dynamically loaded.
[2023.07.31-23.06.45:912][  0]LogTextureFormatOodle: Display: Oodle Texture 2.9.0 init RDO Off
[2023.07.31-23.06.45:996][  0]LogRendererCore: Ray tracing is disabled. Reason: r.RayTracing=0.
[2023.07.31-23.06.45:996][  0]LogShaderCompilers: Guid format shader working directory is -33 characters bigger than the processId version (../../../../PROJECTS/Unreal Projects/Unreal Repos/Unreal-Shooter-Game/ShooterGame/Intermediate/Shaders/WorkingDirectory/32/).
[2023.07.31-23.06.45:996][  0]LogShaderCompilers: Cleaned the shader compiler working directory 'C:/Users/fedeb/AppData/Local/Temp/UnrealShaderWorkingDir/E53F5E6B4EAC1451EA5E788BF937F9B6/'.
[2023.07.31-23.06.45:996][  0]LogXGEController: Cannot use XGE Controller as Incredibuild is not installed on this machine.
[2023.07.31-23.06.45:997][  0]LogShaderCompilers: Cannot use XGE Shader Compiler as Incredibuild is not installed on this machine.
[2023.07.31-23.06.45:997][  0]LogShaderCompilers: Display: Using Local Shader Compiler.
[2023.07.31-23.06.49:300][  0]LogDerivedDataCache: Display: Max Cache Size: 512 MB
[2023.07.31-23.06.49:672][  0]LogDerivedDataCache: Loaded boot cache 0.37s 107MB C:/Users/fedeb/AppData/Local/UnrealEngine/4.27/DerivedDataCache/Boot.ddc.
[2023.07.31-23.06.49:672][  0]LogDerivedDataCache: Display: Loaded Boot cache: C:/Users/fedeb/AppData/Local/UnrealEngine/4.27/DerivedDataCache/Boot.ddc
[2023.07.31-23.06.49:673][  0]LogDerivedDataCache: FDerivedDataBackendGraph:  Pak pak cache file ../../../../PROJECTS/Unreal Projects/Unreal Repos/Unreal-Shooter-Game/ShooterGame/DerivedDataCache/DDC.ddp not found, will not use a pak cache.
[2023.07.31-23.06.49:673][  0]LogDerivedDataCache: Unable to find inner node Pak for hierarchical cache Hierarchy.
[2023.07.31-23.06.49:673][  0]LogDerivedDataCache: FDerivedDataBackendGraph:  CompressedPak pak cache file ../../../../PROJECTS/Unreal Projects/Unreal Repos/Unreal-Shooter-Game/ShooterGame/DerivedDataCache/Compressed.ddp not found, will not use a pak cache.
[2023.07.31-23.06.49:673][  0]LogDerivedDataCache: Unable to find inner node CompressedPak for hierarchical cache Hierarchy.
[2023.07.31-23.06.49:693][  0]LogDerivedDataCache: Display: Pak cache opened for reading ../../../Engine/DerivedDataCache/Compressed.ddp.
[2023.07.31-23.06.49:693][  0]LogDerivedDataCache: FDerivedDataBackendGraph:  EnterprisePak pak cache file ../../../Enterprise/DerivedDataCache/Compressed.ddp not found, will not use a pak cache.
[2023.07.31-23.06.49:693][  0]LogDerivedDataCache: Unable to find inner node EnterprisePak for hierarchical cache Hierarchy.
[2023.07.31-23.06.49:716][  0]LogDerivedDataCache: Speed tests for C:/Users/fedeb/AppData/Local/UnrealEngine/Common/DerivedDataCache took 0.02 seconds
[2023.07.31-23.06.49:717][  0]LogDerivedDataCache: Display: Performance to C:/Users/fedeb/AppData/Local/UnrealEngine/Common/DerivedDataCache: Latency=0.05ms. RandomReadSpeed=55.38MBs, RandomWriteSpeed=158.14MBs. Assigned SpeedClass 'Local'
[2023.07.31-23.06.49:718][  0]LogDerivedDataCache: Using Local data cache path C:/Users/fedeb/AppData/Local/UnrealEngine/Common/DerivedDataCache: Writable
[2023.07.31-23.06.49:718][  0]LogDerivedDataCache: Shared data cache path not found in *engine.ini, will not use an Shared cache.
[2023.07.31-23.06.49:718][  0]LogDerivedDataCache: Unable to find inner node Shared for hierarchical cache Hierarchy.
[2023.07.31-23.06.49:764][  0]LogSlate: Using FreeType 2.10.0
[2023.07.31-23.06.49:765][  0]LogSlate: SlateFontServices - WITH_FREETYPE: 1, WITH_HARFBUZZ: 1
[2023.07.31-23.06.49:927][  0]LogAssetRegistry: FAssetRegistry took 0.0029 seconds to start up
[2023.07.31-23.06.50:146][  0]LogInit: Selected Device Profile: [Windows]
[2023.07.31-23.06.50:146][  0]LogInit: Active device profile: [000002843CB1D100][000002842D952540 49] Windows
[2023.07.31-23.06.50:146][  0]LogInit: Profiles: [000002843CB1D100][000002842D952540 49] Windows, [000002843CAE2C00][0000028438F746C0 49] WindowsNoEditor, [000002843CB1E200][0000028438F78840 49] WindowsServer, [000002843CAE1E00][0000028438F70980 49] WindowsClient, [000002843CB1D700][0000028438F7CAC0 49] IOS, [000002843CAE2E00][000002843BD52C00 49] iPadAir, [000002843CB1FC00][000002843BD56D40 49] iPadAir2, [000002843CA99400][000002843BD63000 49] IPadPro, [000002843CA99500][000002843BD5F040 49] iPadAir3, [000002843CAE3F00][000002843BD671C0 49] iPadAir4, [000002843CA9A300][000002843BD6B340 49] iPadMini2, [000002843CAE3600][000002843BD6F4C0 49] iPadMini3, [000002843CA9AF00][000002843BD73640 49] iPadMini4, [000002843CAE2200][000002843BD777C0 49] iPadMini5, [000002843CAB9000][000002843BD7FA80 49] iPhone6, [000002843CAB9100][000002843BD7BAC0 49] iPodTouch6, [000002843CB1F900][000002843BD86200 49] iPhone7, [000002843CB1E900][000002843BD82240 49] iPodTouch7, [000002843CA99000][000002843BD8A3C0 49] iPhone5S, [000002843CB1EF00][000002842D7F2540 49] iPhone6Plus, [000002843CA9B600][000002842D7F66C0 49] iPhone6S, [000002843CB1CC00][000002842D7FA840 49] iPhone6SPlus, [000002843CB1DD00][000002842D7FE9C0 49] iPhone7Plus, [000002843CAB8800][000002842D802B40 49] iPhoneSE, [000002843CB1C400][000002843BD5AC80 49] iPhone8, [000002843CAB8900][000002842D806DC0 49] iPhone8Plus, [000002843CABAE00][000002842D80AF00 49] iPhoneX, [000002843CA99D00][000002842D813080 49] iPhoneXS, [000002843CABA700][000002842D817200 49] iPhoneXSMax, [000002843CA99C00][000002842D81B380 49] iPhoneXR, [000002843CABA800][000002842D81F500 49] iPhone11, [000002843CA98F00][000002842D823680 49] iPhone11Pro, [000002843CAB8B00][000002842D827800 49] iPhone11ProMax, [000002843CA98C00][000002842D82B980 49] iPhoneSE2, [000002843CAB8E00][000002842D82FB00 49] iPhone12Mini, [000002843CB1F800][000002842D832100 49] iPhone12, [000002843CABB100][000002842D836280 49] iPhone12Pro, [000002843CB1F700][000002842D83A400 49] iPhone12ProMax, [000002843CAB9E00][000002843C6C2580 49] iPadPro105, [000002843CB1D400][000002843C6C6700 49] iPadPro129, [000002843CABBE00][000002843C6CA880 49] iPadPro97, [000002843CB1E800][000002843C6CEA00 49] iPadPro2_129, [000002843CABA000][000002843C6D2B80 49] iPad5, [000002843CB1E300][000002843C6D6D00 49] iPad6, [000002843CABBB00][000002842D80EE40 49] iPad7, [000002843CB1DE00][000002843C6DAF80 49] iPad8, [000002843CAB8A00][000002843C6DF0C0 49] iPadPro11, [000002843CB1FE00][000002843C6E7240 49] iPadPro2_11, [000002843CAB9800][000002843C6EB3C0 49] iPadPro3_129, [000002843CB1E700][000002843C6EF540 49] iPadPro4_129, [000002843CAB8100][000002843C6F36C0 49] AppleTV, [000002843CB1FF00][000002843C6F7840 49] AppleTV4K, [000002843CABA400][000002843C6FB9C0 49] TVOS, [000002843CB1C100][000002843C6FFB40 49] Mac, [000002843CAB9D00][000002843C702140 49] MacClient, [000002843CB1EA00][000002843C7062C0 49] MacNoEditor, [000002843CABBA00][000002843C70A440 49] MacServer, [000002843CB1E000][000002843C70E5C0 49] Linux, [000002843CAB9600][000002843C712740 49] LinuxAArch64, [000002843CB1C800][000002843C7168C0 49] LinuxNoEditor, [000002843CAB8C00][000002843C71AA40 49] LinuxAArch64NoEditor, [000002843CB1FB00][000002843C71EBC0 49] LinuxClient, [000002843CABB400][000002843C722D40 49] LinuxAArch64Client, [000002843CB1FA00][000002843C726EC0 49] LinuxServer, [000002843CAB8700][000002843C6E3000 49] LinuxAArch64Server, [000002843CB1ED00][000002843C72B140 49] Android, [000002843CABAA00][000002843C72F280 49] Android_Low, [000002843CB1DF00][000002843C7333C0 49] Android_Mid, [000002843CAB9F00][000002843C73B540 49] Android_High, [000002843CB1D900][000002843C73F6C0 49] Android_Default, [000002843CABBC00][000002843C743840 49] Android_Adreno4xx, [000002843CB1F600][000002843C7479C0 49] Android_Adreno5xx_Low, [000002843CABB200][000002843C74BB40 49] Android_Adreno5xx, [000002843CB1D000][000002843C74E140 49] Android_Adreno6xx, [000002843CABA500][000002843C7522C0 49] Android_Adreno6xx_Vulkan, [000002843CB1CA00][000002843C756440 49] Android_Mali_T6xx, [000002843CABA900][000002843C75A5C0 49] Android_Mali_T7xx, [000002843CB1FD00][000002843C75E740 49] Android_Mali_T8xx, [000002843CABAD00][000002843C7628C0 49] Android_Mali_G71, [000002843CA9B100][000002843C766A40 49] Android_Mali_G72, [000002843CAE3400][000002843C76ABC0 49] Android_Mali_G72_Vulkan, [000002843CA9AB00][000002843C76ED40 49] Android_Mali_G76, [000002843CAE0500][000002843C772EC0 49] Android_Mali_G76_Vulkan, [000002843CA9A600][000002843C777040 49] Android_Mali_G77, [000002843CAE1600][000002843C737180 49] Android_Mali_G77_Vulkan, [000002843CA9A400][000002843C77B2C0 49] Android_Mali_G78, [000002843CAE0D00][000002843C77F400 49] Android_Mali_G78_Vulkan, [000002843CA9B500][000002843C783540 49] Android_Mali_G710, [000002843CAE3000][000002843C78B6C0 49] Android_Mali_G710_Vulkan, [000002843CA9BE00][000002843C78F840 49] Android_Vulkan_SM5, [000002843CAE1F00][000002843C7939C0 49] Android_PowerVR_G6xxx, [000002843CA98500][000002843C797B40 49] Android_PowerVR_GT7xxx, [000002843CAE0200][000002843C79A140 49] Android_PowerVR_GE8xxx, [000002843CA9BB00][000002843C79E2C0 49] Android_PowerVR_GM9xxx, [000002843CAE2600][000002843C7A2440 49] Android_PowerVR_GM9xxx_Vulkan, [000002843CA99F00][000002843C7A65C0 49] Android_TegraK1, [000002843CAE0A00][000002843C7AA740 49] Android_Unknown_Vulkan, [000002843CA9B900][000002843C7AE8C0 49] Lumin, [000002843CAE1200][000002843C7B2A40 49] Lumin_Desktop, [000002843CA99E00][000002843C7B6BC0 49] HoloLens, 
[2023.07.31-23.06.50:315][  0]LogMeshReduction: Using QuadricMeshReduction for automatic static mesh reduction
[2023.07.31-23.06.50:315][  0]LogMeshReduction: Using SimplygonMeshReduction for automatic skeletal mesh reduction
[2023.07.31-23.06.50:316][  0]LogMeshReduction: Using ProxyLODMeshReduction for automatic mesh merging
[2023.07.31-23.06.50:316][  0]LogMeshReduction: No distributed automatic mesh merging module available
[2023.07.31-23.06.50:316][  0]LogMeshMerging: No distributed automatic mesh merging module available
[2023.07.31-23.06.50:336][  0]LogNetVersion: ShooterGame 1.0.0, NetCL: 17155196, EngineNetVer: 17, GameNetVer: 0 (Checksum: 3379819736)
[2023.07.31-23.06.52:250][  0]LogTexture: Default maximum texture size for cubemaps generated from long-lat sources has been changed from 512 to unlimited. In order to preserve old behaiour for '/Engine/MapTemplates/Sky/DaylightAmbientCubemap.DaylightAmbientCubemap', its maximum texture size has been explicitly set to 512.
[2023.07.31-23.06.52:340][  0]LogHMD: PokeAHoleMaterial loaded successfully
[2023.07.31-23.06.52:351][  0]LogUObjectArray: 17178 objects as part of root set at end of initial load.
[2023.07.31-23.06.52:351][  0]LogUObjectAllocator: 4302048 out of 0 bytes used by permanent object pool.
[2023.07.31-23.06.52:351][  0]LogUObjectArray: CloseDisregardForGC: 0/0 objects in disregard for GC pool
[2023.07.31-23.06.52:950][  0]LogNiagaraDebuggerClient: Niagara Debugger Client Initialized | Session: D0225AC34EC788ECE22802903B663E5C | Instance: 0E59E780437D918DF2BF8E920697A646 (FEDE-PC-32).
[2023.07.31-23.06.53:232][  0]LogTcpMessaging: Initializing TcpMessaging bridge
[2023.07.31-23.06.53:242][  0]LogUdpMessaging: Initializing bridge on interface 0.0.0.0:0 to multicast group 230.0.0.1:6666.
[2023.07.31-23.06.53:365][  0]LogPython: Using Python 3.7.7
[2023.07.31-23.06.54:755][  0]LogAndroidPermission: UAndroidPermissionCallbackProxy::GetInstance
[2023.07.31-23.06.54:794][  0]LogAudioCaptureCore: Display: No Audio Capture implementations found. Audio input will be silent.
[2023.07.31-23.06.54:795][  0]LogAudioCaptureCore: Display: No Audio Capture implementations found. Audio input will be silent.
[2023.07.31-23.06.55:070][  0]SourceControl: Source control is disabled
[2023.07.31-23.06.55:071][  0]SourceControl: Source control is disabled
[2023.07.31-23.06.55:079][  0]SourceControl: Source control is disabled
[2023.07.31-23.06.55:087][  0]SourceControl: Source control is disabled
[2023.07.31-23.06.55:113][  0]SourceControl: Source control is disabled
[2023.07.31-23.06.55:120][  0]LogUProjectInfo: Found projects:
[2023.07.31-23.06.55:390][  0]LogOpenImageDenoise: OIDN starting up
[2023.07.31-23.06.55:429][  0]LogCollectionManager: Loaded 0 collections in 0.000678 seconds
[2023.07.31-23.06.55:469][  0]LogFileCache: Scanning file cache for directory 'S:/PROJECTS/Unreal Projects/Unreal Repos/Unreal-Shooter-Game/ShooterGame/Saved/Collections/' took 0.00s
[2023.07.31-23.06.55:469][  0]LogFileCache: Scanning file cache for directory 'S:/PROJECTS/Unreal Projects/Unreal Repos/Unreal-Shooter-Game/ShooterGame/Content/Developers/fedeb/Collections/' took 0.00s
[2023.07.31-23.06.55:469][  0]LogFileCache: Scanning file cache for directory 'S:/PROJECTS/Unreal Projects/Unreal Repos/Unreal-Shooter-Game/ShooterGame/Content/Collections/' took 0.00s
[2023.07.31-23.06.55:469][  0]LogOcInput: OculusInput pre-init called
[2023.07.31-23.06.55:717][  0]LogEngine: Initializing Engine...
[2023.07.31-23.06.55:725][  0]LogHMD: Failed to enumerate extensions. Please check that you have a valid OpenXR runtime installed.
[2023.07.31-23.06.55:725][  0]LogHMD: Failed to initialize OpenVR with code 110
[2023.07.31-23.06.55:725][  0]LogMagicLeap: Warning: VR disabled because ZI is not enabled.  To enable, in the editor, Edit -> Project Settings -> Plugins -> Magic Leap Plugin -> Enable Zero Iteration
[2023.07.31-23.06.55:726][  0]LogStats: UGameplayTagsManager::InitializeManager -  0.000 s
[2023.07.31-23.06.55:858][  0]LogInit: Initializing FReadOnlyCVARCache
[2023.07.31-23.06.55:871][  0]LogAIModule: Creating AISystem for world Untitled
[2023.07.31-23.06.55:872][  0]LogAudio: Display: Initializing Audio Device Manager...
[2023.07.31-23.06.55:879][  0]LogAudio: Display: Loading Default Audio Settings Objects...
[2023.07.31-23.06.55:880][  0]LogAudio: Display: No default SoundConcurrencyObject specified (or failed to load).
[2023.07.31-23.06.55:881][  0]LogAudio: Display: Audio Device Manager Initialized
[2023.07.31-23.06.55:881][  0]LogAudio: Display: Creating Audio Device:                 Id: 1, Scope: Shared, Realtime: True
[2023.07.31-23.06.55:881][  0]LogAudioMixer: Display: Audio Mixer Platform Settings:
[2023.07.31-23.06.55:881][  0]LogAudioMixer: Display: 	Sample Rate:						  48000
[2023.07.31-23.06.55:881][  0]LogAudioMixer: Display: 	Callback Buffer Frame Size Requested: 1024
[2023.07.31-23.06.55:881][  0]LogAudioMixer: Display: 	Callback Buffer Frame Size To Use:	  1024
[2023.07.31-23.06.55:882][  0]LogAudioMixer: Display: 	Number of buffers to queue:			  2
[2023.07.31-23.06.55:882][  0]LogAudioMixer: Display: 	Max Channels (voices):				  32
[2023.07.31-23.06.55:882][  0]LogAudioMixer: Display: 	Number of Async Source Workers:		  0
[2023.07.31-23.06.55:882][  0]LogAudio: Display: AudioDevice MaxSources: 32
[2023.07.31-23.06.55:882][  0]LogAudio: Display: Audio Spatialization Plugin: None (built-in).
[2023.07.31-23.06.55:882][  0]LogAudio: Display: Audio Reverb Plugin: None (built-in).
[2023.07.31-23.06.55:882][  0]LogAudio: Display: Audio Occlusion Plugin: None (built-in).
[2023.07.31-23.06.55:882][  0]LogAudioMixer: Display: Initializing audio mixer.
[2023.07.31-23.06.55:918][  0]LogAudioMixer: Display: 0: FrontLeft
[2023.07.31-23.06.55:918][  0]LogAudioMixer: Display: 1: FrontRight
[2023.07.31-23.06.55:918][  0]LogAudioMixer: Display: 2: FrontCenter
[2023.07.31-23.06.55:918][  0]LogAudioMixer: Display: 3: LowFrequency
[2023.07.31-23.06.55:918][  0]LogAudioMixer: Display: 4: BackLeft
[2023.07.31-23.06.55:918][  0]LogAudioMixer: Display: 5: BackRight
[2023.07.31-23.06.55:918][  0]LogAudioMixer: Display: 6: SideLeft
[2023.07.31-23.06.55:918][  0]LogAudioMixer: Display: 7: SideRight
[2023.07.31-23.06.55:978][  0]LogAudioMixer: Display: Using Audio Device Altavoces (Logitech G733 Gaming Headset)
[2023.07.31-23.06.55:981][  0]LogAudioMixer: Display: Initializing Sound Submixes...
[2023.07.31-23.06.55:984][  0]LogAudioMixer: Display: Creating Master Submix 'MasterSubmixDefault'
[2023.07.31-23.06.55:984][  0]LogAudioMixer: Display: Creating Master Submix 'MasterReverbSubmixDefault'
[2023.07.31-23.06.55:985][  0]LogAudioMixer: Display: Creating Master Submix 'MasterEQSubmixDefault'
[2023.07.31-23.06.55:985][  0]LogAudioMixer: FMixerPlatformXAudio2::StartAudioStream() called
[2023.07.31-23.06.55:986][  0]LogAudioMixer: Display: Output buffers initialized: Frames=1024, Channels=8, Samples=8192
[2023.07.31-23.06.55:987][  0]LogAudioMixer: Display: Starting AudioMixerPlatformInterface::RunInternal()
[2023.07.31-23.06.55:987][  0]LogAudioMixer: Display: FMixerPlatformXAudio2::SubmitBuffer() called for the first time
[2023.07.31-23.06.55:987][  0]LogInit: FAudioDevice initialized.
[2023.07.31-23.06.55:987][  0]LogAudio: Display: Audio Device (ID: 1) registered with world 'Untitled'.
[2023.07.31-23.06.55:988][  0]LogNetVersion: Set ProjectVersion to 1.0.0.0. Version Checksum will be recalculated on next use.
[2023.07.31-23.06.56:095][  0]LogDerivedDataCache: Saved boot cache 0.11s 107MB C:/Users/fedeb/AppData/Local/UnrealEngine/4.27/DerivedDataCache/Boot.ddc.
[2023.07.31-23.06.56:096][  0]LogInit: Texture streaming: Enabled
[2023.07.31-23.06.56:120][  0]LogAnalytics: Display: [UEEditor.Rocket.Release] APIServer = https://datarouter.ol.epicgames.com/. AppVersion = 4.27.2-18319896+++UE4+Release-4.27
[2023.07.31-23.06.56:126][  0]LogEngineSessionManager: EngineSessionManager initialized
[2023.07.31-23.06.56:126][  0]LogEditorSessionSummary: Verbose: Initializing EditorSessionSummaryWriter for editor session tracking
[2023.07.31-23.06.56:130][  0]LogEditorSessionSummary: EditorSessionSummaryWriter initialized
[2023.07.31-23.06.56:157][  0]LogInit: Transaction tracking system initialized
[2023.07.31-23.06.56:202][  0]BlueprintLog: New page: Editor Load
[2023.07.31-23.06.56:323][  0]LocalizationService: Localization service is disabled
[2023.07.31-23.06.56:381][  0]TimingProfiler: Initialize
[2023.07.31-23.06.56:381][  0]TimingProfiler: OnSessionChanged
[2023.07.31-23.06.56:381][  0]LoadingProfiler: Initialize
[2023.07.31-23.06.56:381][  0]LoadingProfiler: OnSessionChanged
[2023.07.31-23.06.56:382][  0]NetworkingProfiler: Initialize
[2023.07.31-23.06.56:382][  0]NetworkingProfiler: OnSessionChanged
[2023.07.31-23.06.56:382][  0]MemoryProfiler: Initialize
[2023.07.31-23.06.56:382][  0]MemoryProfiler: OnSessionChanged
[2023.07.31-23.06.56:593][  0]LogCook: Display: CookSettings for Memory: MemoryMaxUsedVirtual 0MiB, MemoryMaxUsedPhysical 16384MiB, MemoryMinFreeVirtual 0MiB, MemoryMinFreePhysical 1024MiB
[2023.07.31-23.06.56:593][  0]LogCook: Display: Mobile HDR setting 1
[2023.07.31-23.06.57:053][  0]LogFileCache: Scanning file cache for directory 'S:/PROJECTS/Unreal Projects/Unreal Repos/Unreal-Shooter-Game/ShooterGame/Content/' took 0.02s
[2023.07.31-23.06.57:210][  0]LogInit: Display: Engine is initialized. Leaving FEngineLoop::Init()
[2023.07.31-23.06.57:213][  0]SourceControl: Source control is disabled
[2023.07.31-23.06.57:213][  0]LogUnrealEdMisc: Loading editor; pre map load, took 14.834
[2023.07.31-23.06.57:214][  0]Cmd: MAP LOAD FILE="../../../../PROJECTS/Unreal Projects/Unreal Repos/Unreal-Shooter-Game/ShooterGame/Content/FirstPersonCPP/Maps/FirstPersonExampleMap.umap" TEMPLATE=0 SHOWPROGRESS=1 FEATURELEVEL=3
[2023.07.31-23.06.57:215][  0]LightingResults: New page: Lighting Build
[2023.07.31-23.06.57:216][  0]LogWorld: UWorld::CleanupWorld for Untitled, bSessionEnded=true, bCleanupResources=true
[2023.07.31-23.06.57:216][  0]LogSlate: InvalidateAllWidgets triggered.  All widgets were invalidated
[2023.07.31-23.06.57:216][  0]MapCheck: New page: Map Check
[2023.07.31-23.06.57:216][  0]LightingResults: New page: Lighting Build
[2023.07.31-23.06.57:224][  0]LogAudio: Display: Audio Device unregistered from world 'None'.
[2023.07.31-23.06.57:229][  0]LogUObjectHash: Compacting FUObjectHashTables data took   1.07ms
[2023.07.31-23.06.57:471][  0]LogAudio: Display: Audio Device (ID: 1) registered with world 'FirstPersonExampleMap'.
[2023.07.31-23.06.57:472][  0]LogAIModule: Creating AISystem for world FirstPersonExampleMap
[2023.07.31-23.06.57:477][  0]LogEditorServer: Finished looking for orphan Actors (0.000 secs)
[2023.07.31-23.06.57:484][  0]LogUObjectHash: Compacting FUObjectHashTables data took   1.00ms
[2023.07.31-23.06.57:485][  0]Cmd: MAP CHECKDEP NOCLEARLOG
[2023.07.31-23.06.57:485][  0]MapCheck: Map check complete: 0 Error(s), 0 Warning(s), took 0.121ms to complete.
[2023.07.31-23.06.57:485][  0]LogFileHelpers: Loading map 'FirstPersonExampleMap' took 0.271
[2023.07.31-23.06.57:488][  0]LogUnrealEdMisc: Total Editor Startup Time, took 15.108
[2023.07.31-23.06.57:700][  0]LogSlate: Updating window title bar state: overlay mode, drag disabled, window buttons hidden, title bar hidden
[2023.07.31-23.06.57:707][  0]LogSlate: Updating window title bar state: overlay mode, drag disabled, window buttons hidden, title bar hidden
[2023.07.31-23.06.57:714][  0]LogSlate: Updating window title bar state: overlay mode, drag disabled, window buttons hidden, title bar hidden
[2023.07.31-23.06.57:721][  0]LogSlate: Updating window title bar state: overlay mode, drag disabled, window buttons hidden, title bar hidden
[2023.07.31-23.06.57:743][  0]LogNativeClassHierarchy: Verbose: Native class hierarchy populated in 0.0102 seconds. Added 3830 classes and 931 folders.
[2023.07.31-23.06.57:745][  0]LogNativeClassHierarchy: Verbose: Native class hierarchy updated for 'WidgetCarousel' in 0.0003 seconds. Added 0 classes and 0 folders.
[2023.07.31-23.06.57:756][  0]LogPakFile: PakFile PrimaryIndexSize=187
[2023.07.31-23.06.57:756][  0]LogPakFile: PakFile PathHashIndexSize=101
[2023.07.31-23.06.57:756][  0]LogPakFile: PakFile FullDirectoryIndexSize=148
[2023.07.31-23.06.57:756][  0]LogShaderLibrary: Display: ShaderCodeLibraryPakFileMountedCallback: PakFile 'S:/UE_4.27/FeaturePacks/FP_FirstPerson.upack' (chunk index -1, root 'root:/') mounted
[2023.07.31-23.06.57:756][  0]LogShaderLibrary: Display: ShaderCodeLibraryPakFileMountedCallback: pending pak file info (ChunkID:-1 Root:root:/ File:S:/UE_4.27/FeaturePacks/FP_FirstPerson.upack)
[2023.07.31-23.06.57:756][  0]LogPakFile: OnPakFileMounted2Time == 0.000231
[2023.07.31-23.06.57:766][  0]LogPakFile: PakFile PrimaryIndexSize=189
[2023.07.31-23.06.57:766][  0]LogPakFile: PakFile PathHashIndexSize=101
[2023.07.31-23.06.57:766][  0]LogPakFile: PakFile FullDirectoryIndexSize=152
[2023.07.31-23.06.57:766][  0]LogShaderLibrary: Display: ShaderCodeLibraryPakFileMountedCallback: PakFile 'S:/UE_4.27/FeaturePacks/FP_FirstPersonBP.upack' (chunk index -1, root 'root:/') mounted
[2023.07.31-23.06.57:766][  0]LogShaderLibrary: Display: ShaderCodeLibraryPakFileMountedCallback: pending pak file info (ChunkID:-1 Root:root:/ File:S:/UE_4.27/FeaturePacks/FP_FirstPersonBP.upack)
[2023.07.31-23.06.57:766][  0]LogPakFile: OnPakFileMounted2Time == 0.000160
[2023.07.31-23.06.57:773][  0]LogPakFile: PakFile PrimaryIndexSize=191
[2023.07.31-23.06.57:773][  0]LogPakFile: PakFile PathHashIndexSize=101
[2023.07.31-23.06.57:773][  0]LogPakFile: PakFile FullDirectoryIndexSize=160
[2023.07.31-23.06.57:773][  0]LogShaderLibrary: Display: ShaderCodeLibraryPakFileMountedCallback: PakFile 'S:/UE_4.27/FeaturePacks/MobileStarterContent.upack' (chunk index -1, root 'root:/') mounted
[2023.07.31-23.06.57:773][  0]LogShaderLibrary: Display: ShaderCodeLibraryPakFileMountedCallback: pending pak file info (ChunkID:-1 Root:root:/ File:S:/UE_4.27/FeaturePacks/MobileStarterContent.upack)
[2023.07.31-23.06.57:773][  0]LogPakFile: OnPakFileMounted2Time == 0.000196
[2023.07.31-23.06.57:780][  0]LogPakFile: PakFile PrimaryIndexSize=185
[2023.07.31-23.06.57:780][  0]LogPakFile: PakFile PathHashIndexSize=101
[2023.07.31-23.06.57:780][  0]LogPakFile: PakFile FullDirectoryIndexSize=148
[2023.07.31-23.06.57:780][  0]LogShaderLibrary: Display: ShaderCodeLibraryPakFileMountedCallback: PakFile 'S:/UE_4.27/FeaturePacks/StarterContent.upack' (chunk index -1, root 'root:/') mounted
[2023.07.31-23.06.57:780][  0]LogShaderLibrary: Display: ShaderCodeLibraryPakFileMountedCallback: pending pak file info (ChunkID:-1 Root:root:/ File:S:/UE_4.27/FeaturePacks/StarterContent.upack)
[2023.07.31-23.06.57:780][  0]LogPakFile: OnPakFileMounted2Time == 0.000150
[2023.07.31-23.06.57:787][  0]LogPakFile: PakFile PrimaryIndexSize=190
[2023.07.31-23.06.57:787][  0]LogPakFile: PakFile PathHashIndexSize=101
[2023.07.31-23.06.57:787][  0]LogPakFile: PakFile FullDirectoryIndexSize=154
[2023.07.31-23.06.57:787][  0]LogShaderLibrary: Display: ShaderCodeLibraryPakFileMountedCallback: PakFile 'S:/UE_4.27/FeaturePacks/TP_2DSideScroller.upack' (chunk index -1, root 'root:/') mounted
[2023.07.31-23.06.57:787][  0]LogShaderLibrary: Display: ShaderCodeLibraryPakFileMountedCallback: pending pak file info (ChunkID:-1 Root:root:/ File:S:/UE_4.27/FeaturePacks/TP_2DSideScroller.upack)
[2023.07.31-23.06.57:788][  0]LogPakFile: OnPakFileMounted2Time == 0.000131
[2023.07.31-23.06.57:794][  0]LogPakFile: PakFile PrimaryIndexSize=192
[2023.07.31-23.06.57:794][  0]LogPakFile: PakFile PathHashIndexSize=101
[2023.07.31-23.06.57:794][  0]LogPakFile: PakFile FullDirectoryIndexSize=158
[2023.07.31-23.06.57:794][  0]LogShaderLibrary: Display: ShaderCodeLibraryPakFileMountedCallback: PakFile 'S:/UE_4.27/FeaturePacks/TP_2DSideScrollerBP.upack' (chunk index -1, root 'root:/') mounted
[2023.07.31-23.06.57:794][  0]LogShaderLibrary: Display: ShaderCodeLibraryPakFileMountedCallback: pending pak file info (ChunkID:-1 Root:root:/ File:S:/UE_4.27/FeaturePacks/TP_2DSideScrollerBP.upack)
[2023.07.31-23.06.57:794][  0]LogPakFile: OnPakFileMounted2Time == 0.000264
[2023.07.31-23.06.57:801][  0]LogPakFile: PakFile PrimaryIndexSize=182
[2023.07.31-23.06.57:801][  0]LogPakFile: PakFile PathHashIndexSize=101
[2023.07.31-23.06.57:801][  0]LogPakFile: PakFile FullDirectoryIndexSize=138
[2023.07.31-23.06.57:801][  0]LogShaderLibrary: Display: ShaderCodeLibraryPakFileMountedCallback: PakFile 'S:/UE_4.27/FeaturePacks/TP_Flying.upack' (chunk index -1, root 'root:/') mounted
[2023.07.31-23.06.57:801][  0]LogShaderLibrary: Display: ShaderCodeLibraryPakFileMountedCallback: pending pak file info (ChunkID:-1 Root:root:/ File:S:/UE_4.27/FeaturePacks/TP_Flying.upack)
[2023.07.31-23.06.57:801][  0]LogPakFile: OnPakFileMounted2Time == 0.000126
[2023.07.31-23.06.57:808][  0]LogPakFile: PakFile PrimaryIndexSize=184
[2023.07.31-23.06.57:809][  0]LogPakFile: PakFile PathHashIndexSize=101
[2023.07.31-23.06.57:809][  0]LogPakFile: PakFile FullDirectoryIndexSize=142
[2023.07.31-23.06.57:809][  0]LogShaderLibrary: Display: ShaderCodeLibraryPakFileMountedCallback: PakFile 'S:/UE_4.27/FeaturePacks/TP_FlyingBP.upack' (chunk index -1, root 'root:/') mounted
[2023.07.31-23.06.57:809][  0]LogShaderLibrary: Display: ShaderCodeLibraryPakFileMountedCallback: pending pak file info (ChunkID:-1 Root:root:/ File:S:/UE_4.27/FeaturePacks/TP_FlyingBP.upack)
[2023.07.31-23.06.57:809][  0]LogPakFile: OnPakFileMounted2Time == 0.000265
[2023.07.31-23.06.57:817][  0]LogPakFile: PakFile PrimaryIndexSize=188
[2023.07.31-23.06.57:818][  0]LogPakFile: PakFile PathHashIndexSize=101
[2023.07.31-23.06.57:818][  0]LogPakFile: PakFile FullDirectoryIndexSize=150
[2023.07.31-23.06.57:818][  0]LogShaderLibrary: Display: ShaderCodeLibraryPakFileMountedCallback: PakFile 'S:/UE_4.27/FeaturePacks/TP_HandheldARBP.upack' (chunk index -1, root 'root:/') mounted
[2023.07.31-23.06.57:818][  0]LogShaderLibrary: Display: ShaderCodeLibraryPakFileMountedCallback: pending pak file info (ChunkID:-1 Root:root:/ File:S:/UE_4.27/FeaturePacks/TP_HandheldARBP.upack)
[2023.07.31-23.06.57:818][  0]LogPakFile: OnPakFileMounted2Time == 0.000169
[2023.07.31-23.06.57:827][  0]LogPakFile: PakFile PrimaryIndexSize=182
[2023.07.31-23.06.57:828][  0]LogPakFile: PakFile PathHashIndexSize=101
[2023.07.31-23.06.57:828][  0]LogPakFile: PakFile FullDirectoryIndexSize=138
[2023.07.31-23.06.57:828][  0]LogShaderLibrary: Display: ShaderCodeLibraryPakFileMountedCallback: PakFile 'S:/UE_4.27/FeaturePacks/TP_Puzzle.upack' (chunk index -1, root 'root:/') mounted
[2023.07.31-23.06.57:828][  0]LogShaderLibrary: Display: ShaderCodeLibraryPakFileMountedCallback: pending pak file info (ChunkID:-1 Root:root:/ File:S:/UE_4.27/FeaturePacks/TP_Puzzle.upack)
[2023.07.31-23.06.57:828][  0]LogPakFile: OnPakFileMounted2Time == 0.000241
[2023.07.31-23.06.57:834][  0]LogPakFile: PakFile PrimaryIndexSize=184
[2023.07.31-23.06.57:835][  0]LogPakFile: PakFile PathHashIndexSize=101
[2023.07.31-23.06.57:835][  0]LogPakFile: PakFile FullDirectoryIndexSize=142
[2023.07.31-23.06.57:835][  0]LogShaderLibrary: Display: ShaderCodeLibraryPakFileMountedCallback: PakFile 'S:/UE_4.27/FeaturePacks/TP_PuzzleBP.upack' (chunk index -1, root 'root:/') mounted
[2023.07.31-23.06.57:835][  0]LogShaderLibrary: Display: ShaderCodeLibraryPakFileMountedCallback: pending pak file info (ChunkID:-1 Root:root:/ File:S:/UE_4.27/FeaturePacks/TP_PuzzleBP.upack)
[2023.07.31-23.06.57:835][  0]LogPakFile: OnPakFileMounted2Time == 0.000268
[2023.07.31-23.06.57:842][  0]LogPakFile: PakFile PrimaryIndexSize=183
[2023.07.31-23.06.57:842][  0]LogPakFile: PakFile PathHashIndexSize=101
[2023.07.31-23.06.57:842][  0]LogPakFile: PakFile FullDirectoryIndexSize=140
[2023.07.31-23.06.57:842][  0]LogShaderLibrary: Display: ShaderCodeLibraryPakFileMountedCallback: PakFile 'S:/UE_4.27/FeaturePacks/TP_Rolling.upack' (chunk index -1, root 'root:/') mounted
[2023.07.31-23.06.57:842][  0]LogShaderLibrary: Display: ShaderCodeLibraryPakFileMountedCallback: pending pak file info (ChunkID:-1 Root:root:/ File:S:/UE_4.27/FeaturePacks/TP_Rolling.upack)
[2023.07.31-23.06.57:842][  0]LogPakFile: OnPakFileMounted2Time == 0.000170
[2023.07.31-23.06.57:849][  0]LogPakFile: PakFile PrimaryIndexSize=185
[2023.07.31-23.06.57:849][  0]LogPakFile: PakFile PathHashIndexSize=101
[2023.07.31-23.06.57:849][  0]LogPakFile: PakFile FullDirectoryIndexSize=144
[2023.07.31-23.06.57:850][  0]LogShaderLibrary: Display: ShaderCodeLibraryPakFileMountedCallback: PakFile 'S:/UE_4.27/FeaturePacks/TP_RollingBP.upack' (chunk index -1, root 'root:/') mounted
[2023.07.31-23.06.57:850][  0]LogShaderLibrary: Display: ShaderCodeLibraryPakFileMountedCallback: pending pak file info (ChunkID:-1 Root:root:/ File:S:/UE_4.27/FeaturePacks/TP_RollingBP.upack)
[2023.07.31-23.06.57:850][  0]LogPakFile: OnPakFileMounted2Time == 0.000156
[2023.07.31-23.06.57:856][  0]LogPakFile: PakFile PrimaryIndexSize=188
[2023.07.31-23.06.57:857][  0]LogPakFile: PakFile PathHashIndexSize=101
[2023.07.31-23.06.57:857][  0]LogPakFile: PakFile FullDirectoryIndexSize=150
[2023.07.31-23.06.57:857][  0]LogShaderLibrary: Display: ShaderCodeLibraryPakFileMountedCallback: PakFile 'S:/UE_4.27/FeaturePacks/TP_SideScroller.upack' (chunk index -1, root 'root:/') mounted
[2023.07.31-23.06.57:857][  0]LogShaderLibrary: Display: ShaderCodeLibraryPakFileMountedCallback: pending pak file info (ChunkID:-1 Root:root:/ File:S:/UE_4.27/FeaturePacks/TP_SideScroller.upack)
[2023.07.31-23.06.57:857][  0]LogPakFile: OnPakFileMounted2Time == 0.000243
[2023.07.31-23.06.57:864][  0]LogPakFile: PakFile PrimaryIndexSize=190
[2023.07.31-23.06.57:864][  0]LogPakFile: PakFile PathHashIndexSize=101
[2023.07.31-23.06.57:864][  0]LogPakFile: PakFile FullDirectoryIndexSize=154
[2023.07.31-23.06.57:864][  0]LogShaderLibrary: Display: ShaderCodeLibraryPakFileMountedCallback: PakFile 'S:/UE_4.27/FeaturePacks/TP_SideScrollerBP.upack' (chunk index -1, root 'root:/') mounted
[2023.07.31-23.06.57:864][  0]LogShaderLibrary: Display: ShaderCodeLibraryPakFileMountedCallback: pending pak file info (ChunkID:-1 Root:root:/ File:S:/UE_4.27/FeaturePacks/TP_SideScrollerBP.upack)
[2023.07.31-23.06.57:864][  0]LogPakFile: OnPakFileMounted2Time == 0.000288
[2023.07.31-23.06.57:871][  0]LogPakFile: PakFile PrimaryIndexSize=187
[2023.07.31-23.06.57:871][  0]LogPakFile: PakFile PathHashIndexSize=101
[2023.07.31-23.06.57:871][  0]LogPakFile: PakFile FullDirectoryIndexSize=148
[2023.07.31-23.06.57:871][  0]LogShaderLibrary: Display: ShaderCodeLibraryPakFileMountedCallback: PakFile 'S:/UE_4.27/FeaturePacks/TP_ThirdPerson.upack' (chunk index -1, root 'root:/') mounted
[2023.07.31-23.06.57:871][  0]LogShaderLibrary: Display: ShaderCodeLibraryPakFileMountedCallback: pending pak file info (ChunkID:-1 Root:root:/ File:S:/UE_4.27/FeaturePacks/TP_ThirdPerson.upack)
[2023.07.31-23.06.57:871][  0]LogPakFile: OnPakFileMounted2Time == 0.000157
[2023.07.31-23.06.57:878][  0]LogPakFile: PakFile PrimaryIndexSize=189
[2023.07.31-23.06.57:878][  0]LogPakFile: PakFile PathHashIndexSize=101
[2023.07.31-23.06.57:878][  0]LogPakFile: PakFile FullDirectoryIndexSize=152
[2023.07.31-23.06.57:878][  0]LogShaderLibrary: Display: ShaderCodeLibraryPakFileMountedCallback: PakFile 'S:/UE_4.27/FeaturePacks/TP_ThirdPersonBP.upack' (chunk index -1, root 'root:/') mounted
[2023.07.31-23.06.57:878][  0]LogShaderLibrary: Display: ShaderCodeLibraryPakFileMountedCallback: pending pak file info (ChunkID:-1 Root:root:/ File:S:/UE_4.27/FeaturePacks/TP_ThirdPersonBP.upack)
[2023.07.31-23.06.57:878][  0]LogPakFile: OnPakFileMounted2Time == 0.000174
[2023.07.31-23.06.57:885][  0]LogPakFile: PakFile PrimaryIndexSize=183
[2023.07.31-23.06.57:885][  0]LogPakFile: PakFile PathHashIndexSize=101
[2023.07.31-23.06.57:886][  0]LogPakFile: PakFile FullDirectoryIndexSize=140
[2023.07.31-23.06.57:886][  0]LogShaderLibrary: Display: ShaderCodeLibraryPakFileMountedCallback: PakFile 'S:/UE_4.27/FeaturePacks/TP_TopDown.upack' (chunk index -1, root 'root:/') mounted
[2023.07.31-23.06.57:886][  0]LogShaderLibrary: Display: ShaderCodeLibraryPakFileMountedCallback: pending pak file info (ChunkID:-1 Root:root:/ File:S:/UE_4.27/FeaturePacks/TP_TopDown.upack)
[2023.07.31-23.06.57:886][  0]LogPakFile: OnPakFileMounted2Time == 0.000266
[2023.07.31-23.06.57:892][  0]LogPakFile: PakFile PrimaryIndexSize=185
[2023.07.31-23.06.57:892][  0]LogPakFile: PakFile PathHashIndexSize=101
[2023.07.31-23.06.57:892][  0]LogPakFile: PakFile FullDirectoryIndexSize=144
[2023.07.31-23.06.57:893][  0]LogShaderLibrary: Display: ShaderCodeLibraryPakFileMountedCallback: PakFile 'S:/UE_4.27/FeaturePacks/TP_TopDownBP.upack' (chunk index -1, root 'root:/') mounted
[2023.07.31-23.06.57:893][  0]LogShaderLibrary: Display: ShaderCodeLibraryPakFileMountedCallback: pending pak file info (ChunkID:-1 Root:root:/ File:S:/UE_4.27/FeaturePacks/TP_TopDownBP.upack)
[2023.07.31-23.06.57:893][  0]LogPakFile: OnPakFileMounted2Time == 0.000236
[2023.07.31-23.06.57:902][  0]LogPakFile: PakFile PrimaryIndexSize=185
[2023.07.31-23.06.57:903][  0]LogPakFile: PakFile PathHashIndexSize=101
[2023.07.31-23.06.57:903][  0]LogPakFile: PakFile FullDirectoryIndexSize=144
[2023.07.31-23.06.57:903][  0]LogShaderLibrary: Display: ShaderCodeLibraryPakFileMountedCallback: PakFile 'S:/UE_4.27/FeaturePacks/TP_TwinStick.upack' (chunk index -1, root 'root:/') mounted
[2023.07.31-23.06.57:903][  0]LogShaderLibrary: Display: ShaderCodeLibraryPakFileMountedCallback: pending pak file info (ChunkID:-1 Root:root:/ File:S:/UE_4.27/FeaturePacks/TP_TwinStick.upack)
[2023.07.31-23.06.57:903][  0]LogPakFile: OnPakFileMounted2Time == 0.000247
[2023.07.31-23.06.57:909][  0]LogPakFile: PakFile PrimaryIndexSize=187
[2023.07.31-23.06.57:910][  0]LogPakFile: PakFile PathHashIndexSize=101
[2023.07.31-23.06.57:910][  0]LogPakFile: PakFile FullDirectoryIndexSize=148
[2023.07.31-23.06.57:910][  0]LogShaderLibrary: Display: ShaderCodeLibraryPakFileMountedCallback: PakFile 'S:/UE_4.27/FeaturePacks/TP_TwinStickBP.upack' (chunk index -1, root 'root:/') mounted
[2023.07.31-23.06.57:910][  0]LogShaderLibrary: Display: ShaderCodeLibraryPakFileMountedCallback: pending pak file info (ChunkID:-1 Root:root:/ File:S:/UE_4.27/FeaturePacks/TP_TwinStickBP.upack)
[2023.07.31-23.06.57:910][  0]LogPakFile: OnPakFileMounted2Time == 0.000166
[2023.07.31-23.06.57:917][  0]LogPakFile: PakFile PrimaryIndexSize=183
[2023.07.31-23.06.57:917][  0]LogPakFile: PakFile PathHashIndexSize=101
[2023.07.31-23.06.57:917][  0]LogPakFile: PakFile FullDirectoryIndexSize=140
[2023.07.31-23.06.57:917][  0]LogShaderLibrary: Display: ShaderCodeLibraryPakFileMountedCallback: PakFile 'S:/UE_4.27/FeaturePacks/TP_Vehicle.upack' (chunk index -1, root 'root:/') mounted
[2023.07.31-23.06.57:917][  0]LogShaderLibrary: Display: ShaderCodeLibraryPakFileMountedCallback: pending pak file info (ChunkID:-1 Root:root:/ File:S:/UE_4.27/FeaturePacks/TP_Vehicle.upack)
[2023.07.31-23.06.57:917][  0]LogPakFile: OnPakFileMounted2Time == 0.000173
[2023.07.31-23.06.57:924][  0]LogPakFile: PakFile PrimaryIndexSize=186
[2023.07.31-23.06.57:924][  0]LogPakFile: PakFile PathHashIndexSize=101
[2023.07.31-23.06.57:924][  0]LogPakFile: PakFile FullDirectoryIndexSize=146
[2023.07.31-23.06.57:925][  0]LogShaderLibrary: Display: ShaderCodeLibraryPakFileMountedCallback: PakFile 'S:/UE_4.27/FeaturePacks/TP_VehicleAdv.upack' (chunk index -1, root 'root:/') mounted
[2023.07.31-23.06.57:925][  0]LogShaderLibrary: Display: ShaderCodeLibraryPakFileMountedCallback: pending pak file info (ChunkID:-1 Root:root:/ File:S:/UE_4.27/FeaturePacks/TP_VehicleAdv.upack)
[2023.07.31-23.06.57:925][  0]LogPakFile: OnPakFileMounted2Time == 0.000185
[2023.07.31-23.06.57:931][  0]LogPakFile: PakFile PrimaryIndexSize=188
[2023.07.31-23.06.57:931][  0]LogPakFile: PakFile PathHashIndexSize=101
[2023.07.31-23.06.57:932][  0]LogPakFile: PakFile FullDirectoryIndexSize=150
[2023.07.31-23.06.57:932][  0]LogShaderLibrary: Display: ShaderCodeLibraryPakFileMountedCallback: PakFile 'S:/UE_4.27/FeaturePacks/TP_VehicleAdvBP.upack' (chunk index -1, root 'root:/') mounted
[2023.07.31-23.06.57:932][  0]LogShaderLibrary: Display: ShaderCodeLibraryPakFileMountedCallback: pending pak file info (ChunkID:-1 Root:root:/ File:S:/UE_4.27/FeaturePacks/TP_VehicleAdvBP.upack)
[2023.07.31-23.06.57:932][  0]LogPakFile: OnPakFileMounted2Time == 0.000175
[2023.07.31-23.06.57:939][  0]LogPakFile: PakFile PrimaryIndexSize=185
[2023.07.31-23.06.57:939][  0]LogPakFile: PakFile PathHashIndexSize=101
[2023.07.31-23.06.57:939][  0]LogPakFile: PakFile FullDirectoryIndexSize=144
[2023.07.31-23.06.57:939][  0]LogShaderLibrary: Display: ShaderCodeLibraryPakFileMountedCallback: PakFile 'S:/UE_4.27/FeaturePacks/TP_VehicleBP.upack' (chunk index -1, root 'root:/') mounted
[2023.07.31-23.06.57:939][  0]LogShaderLibrary: Display: ShaderCodeLibraryPakFileMountedCallback: pending pak file info (ChunkID:-1 Root:root:/ File:S:/UE_4.27/FeaturePacks/TP_VehicleBP.upack)
[2023.07.31-23.06.57:939][  0]LogPakFile: OnPakFileMounted2Time == 0.000291
[2023.07.31-23.06.57:946][  0]LogPakFile: PakFile PrimaryIndexSize=192
[2023.07.31-23.06.57:946][  0]LogPakFile: PakFile PathHashIndexSize=101
[2023.07.31-23.06.57:946][  0]LogPakFile: PakFile FullDirectoryIndexSize=158
[2023.07.31-23.06.57:947][  0]LogShaderLibrary: Display: ShaderCodeLibraryPakFileMountedCallback: PakFile 'S:/UE_4.27/FeaturePacks/TP_VirtualRealityBP.upack' (chunk index -1, root 'root:/') mounted
[2023.07.31-23.06.57:947][  0]LogShaderLibrary: Display: ShaderCodeLibraryPakFileMountedCallback: pending pak file info (ChunkID:-1 Root:root:/ File:S:/UE_4.27/FeaturePacks/TP_VirtualRealityBP.upack)
[2023.07.31-23.06.57:947][  0]LogPakFile: OnPakFileMounted2Time == 0.000167
[2023.07.31-23.06.58:049][  0]LogNativeClassHierarchy: Verbose: Native class hierarchy updated for 'AddContentDialog' in 0.0003 seconds. Added 0 classes and 0 folders.
[2023.07.31-23.06.58:113][  0]LogSlate: Took 0.000822 seconds to synchronously load lazily loaded font '../../../Engine/Content/Slate/Fonts/Roboto-Regular.ttf' (155K)
[2023.07.31-23.06.58:120][  0]LogSlate: Took 0.005577 seconds to synchronously load lazily loaded font '../../../Engine/Content/Editor/Slate/Fonts/FontAwesome.ttf' (139K)
[2023.07.31-23.06.58:123][  0]LogSlate: Took 0.000961 seconds to synchronously load lazily loaded font '../../../Engine/Content/Slate/Fonts/Roboto-Bold.ttf' (160K)
[2023.07.31-23.06.58:191][  0]LogRenderer: Reallocating scene render targets to support 1044x924 Format 10 NumSamples 1 (Frame:1).
[2023.07.31-23.06.58:238][  0]LogSlate: Took 0.000729 seconds to synchronously load lazily loaded font '../../../Engine/Content/Slate/Fonts/Roboto-Light.ttf' (167K)
[2023.07.31-23.06.58:280][  0]LogNativeClassHierarchy: Verbose: Native class hierarchy updated for 'HierarchicalLODOutliner' in 0.0003 seconds. Added 0 classes and 0 folders.
[2023.07.31-23.06.58:280][  0]LogLoad: (Engine Initialization) Total time: 15.90 seconds
[2023.07.31-23.06.58:280][  0]LogLoad: (Engine Initialization) Total Blueprint compile time: 0.00 seconds
[2023.07.31-23.06.58:329][  0]LogAssetRegistry: Asset discovery search completed in 8.4028 seconds
[2023.07.31-23.06.58:335][  0]LogCollectionManager: Fixed up redirectors for 0 collections in 0.000004 seconds (updated 0 objects)
[2023.07.31-23.06.58:337][  0]LogContentStreaming: Texture pool size now 1000 MB
